2022-11-22 00:15:47,624 Namespace(eval_interval=1, frequent=10, gpu=False, num_workers=4, out_dir='out')
2022-11-22 00:15:47,647 => load 200 samples
2022-11-22 00:15:47,649 => load 200 samples
2022-11-22 00:15:55,714 Epoch: [0][0/200]	Time 8.064s (8.064s)	Speed 4.0 samples/s	Data 6.976s (6.976s)	Loss 2.53597 (2.53597)
2022-11-22 00:16:04,119 Epoch: [0][10/200]	Time 0.834s (1.497s)	Speed 38.4 samples/s	Data 0.001s (0.635s)	Loss 2.05294 (2.26291)
2022-11-22 00:16:13,239 Epoch: [0][20/200]	Time 0.863s (1.219s)	Speed 37.1 samples/s	Data 0.001s (0.333s)	Loss 1.76597 (2.08520)
2022-11-22 00:16:22,923 Epoch: [0][30/200]	Time 1.099s (1.138s)	Speed 29.1 samples/s	Data 0.001s (0.226s)	Loss 1.51223 (1.93462)
2022-11-22 00:16:31,907 Epoch: [0][40/200]	Time 0.898s (1.079s)	Speed 35.7 samples/s	Data 0.001s (0.171s)	Loss 1.28867 (1.80117)
2022-11-22 00:16:41,365 Epoch: [0][50/200]	Time 1.043s (1.053s)	Speed 30.7 samples/s	Data 0.001s (0.138s)	Loss 1.09656 (1.68025)
2022-11-22 00:16:50,356 Epoch: [0][60/200]	Time 1.069s (1.028s)	Speed 29.9 samples/s	Data 0.001s (0.116s)	Loss 0.92705 (1.56852)
2022-11-22 00:16:59,389 Epoch: [0][70/200]	Time 0.942s (1.010s)	Speed 34.0 samples/s	Data 0.001s (0.099s)	Loss 0.77066 (1.46661)
2022-11-22 00:17:08,342 Epoch: [0][80/200]	Time 0.866s (0.996s)	Speed 37.0 samples/s	Data 0.001s (0.087s)	Loss 0.65899 (1.37320)
2022-11-22 00:17:17,321 Epoch: [0][90/200]	Time 0.882s (0.985s)	Speed 36.3 samples/s	Data 0.001s (0.078s)	Loss 0.57874 (1.28900)
2022-11-22 00:17:26,547 Epoch: [0][100/200]	Time 0.884s (0.979s)	Speed 36.2 samples/s	Data 0.001s (0.070s)	Loss 0.48660 (1.21319)
2022-11-22 00:17:35,521 Epoch: [0][110/200]	Time 0.908s (0.972s)	Speed 35.2 samples/s	Data 0.001s (0.064s)	Loss 0.41638 (1.14465)
2022-11-22 00:17:44,664 Epoch: [0][120/200]	Time 0.894s (0.967s)	Speed 35.8 samples/s	Data 0.001s (0.059s)	Loss 0.36447 (1.08285)
2022-11-22 00:17:53,483 Epoch: [0][130/200]	Time 0.932s (0.961s)	Speed 34.3 samples/s	Data 0.001s (0.054s)	Loss 0.34611 (1.02679)
2022-11-22 00:18:02,281 Epoch: [0][140/200]	Time 0.904s (0.955s)	Speed 35.4 samples/s	Data 0.001s (0.051s)	Loss 0.30835 (0.97688)
2022-11-22 00:18:11,127 Epoch: [0][150/200]	Time 0.873s (0.950s)	Speed 36.7 samples/s	Data 0.001s (0.047s)	Loss 0.28574 (0.93129)
2022-11-22 00:18:20,261 Epoch: [0][160/200]	Time 0.895s (0.948s)	Speed 35.8 samples/s	Data 0.001s (0.044s)	Loss 0.26844 (0.89021)
2022-11-22 00:18:29,322 Epoch: [0][170/200]	Time 0.858s (0.945s)	Speed 37.3 samples/s	Data 0.001s (0.042s)	Loss 0.25885 (0.85292)
2022-11-22 00:18:38,228 Epoch: [0][180/200]	Time 0.879s (0.942s)	Speed 36.4 samples/s	Data 0.001s (0.040s)	Loss 0.23147 (0.81900)
2022-11-22 00:18:47,257 Epoch: [0][190/200]	Time 0.866s (0.940s)	Speed 36.9 samples/s	Data 0.001s (0.038s)	Loss 0.20590 (0.78741)
2022-11-22 00:19:18,403 Test: [0/200]	Time 3.408 (3.408)	Loss 0.4299 (0.4299)
2022-11-22 00:19:22,332 Test: [10/200]	Time 0.056 (0.667)	Loss 0.1479 (0.3501)
2022-11-22 00:19:22,900 Test: [20/200]	Time 0.060 (0.376)	Loss 0.2612 (0.3613)
2022-11-22 00:19:23,465 Test: [30/200]	Time 0.056 (0.273)	Loss 0.5198 (0.3690)
2022-11-22 00:19:24,030 Test: [40/200]	Time 0.056 (0.220)	Loss 0.3862 (0.3829)
2022-11-22 00:19:24,595 Test: [50/200]	Time 0.055 (0.188)	Loss 0.4615 (0.3860)
2022-11-22 00:19:25,158 Test: [60/200]	Time 0.056 (0.167)	Loss 0.4356 (0.3864)
2022-11-22 00:19:25,727 Test: [70/200]	Time 0.054 (0.151)	Loss 0.3724 (0.3854)
2022-11-22 00:19:26,332 Test: [80/200]	Time 0.054 (0.140)	Loss 0.4690 (0.3808)
2022-11-22 00:19:26,895 Test: [90/200]	Time 0.058 (0.131)	Loss 0.4683 (0.3841)
2022-11-22 00:19:27,453 Test: [100/200]	Time 0.054 (0.123)	Loss 0.4817 (0.3830)
2022-11-22 00:19:28,014 Test: [110/200]	Time 0.058 (0.117)	Loss 0.4622 (0.3844)
2022-11-22 00:19:28,591 Test: [120/200]	Time 0.056 (0.112)	Loss 0.4434 (0.3822)
2022-11-22 00:19:29,152 Test: [130/200]	Time 0.054 (0.108)	Loss 0.3676 (0.3862)
2022-11-22 00:19:29,717 Test: [140/200]	Time 0.060 (0.104)	Loss 0.3549 (0.3853)
2022-11-22 00:19:30,281 Test: [150/200]	Time 0.056 (0.101)	Loss 0.4202 (0.3841)
2022-11-22 00:19:30,844 Test: [160/200]	Time 0.055 (0.098)	Loss 0.3976 (0.3839)
2022-11-22 00:19:31,404 Test: [170/200]	Time 0.054 (0.096)	Loss 0.2846 (0.3816)
2022-11-22 00:19:31,964 Test: [180/200]	Time 0.053 (0.094)	Loss 0.3200 (0.3795)
2022-11-22 00:19:32,532 Test: [190/200]	Time 0.054 (0.092)	Loss 0.3251 (0.3807)
2022-11-22 00:19:39,326 Mean IoU score: 0.195
2022-11-22 00:19:39,333 => saving checkpoint to out
2022-11-22 00:19:47,733 Epoch: [1][0/200]	Time 8.134s (8.134s)	Speed 3.9 samples/s	Data 6.685s (6.685s)	Loss 0.19958 (0.19958)
2022-11-22 00:19:58,290 Epoch: [1][10/200]	Time 1.273s (1.699s)	Speed 25.1 samples/s	Data 0.001s (0.609s)	Loss 0.20064 (0.20760)
2022-11-22 00:20:08,660 Epoch: [1][20/200]	Time 1.024s (1.384s)	Speed 31.3 samples/s	Data 0.001s (0.320s)	Loss 0.24951 (0.20377)
2022-11-22 00:20:19,892 Epoch: [1][30/200]	Time 0.937s (1.300s)	Speed 34.1 samples/s	Data 0.001s (0.217s)	Loss 0.16496 (0.20046)
2022-11-22 00:20:30,764 Epoch: [1][40/200]	Time 1.072s (1.248s)	Speed 29.8 samples/s	Data 0.001s (0.164s)	Loss 0.17877 (0.19524)
2022-11-22 00:20:39,683 Epoch: [1][50/200]	Time 0.870s (1.178s)	Speed 36.8 samples/s	Data 0.001s (0.132s)	Loss 0.15431 (0.19131)
2022-11-22 00:20:48,507 Epoch: [1][60/200]	Time 0.874s (1.130s)	Speed 36.6 samples/s	Data 0.001s (0.111s)	Loss 0.16477 (0.18760)
2022-11-22 00:20:57,410 Epoch: [1][70/200]	Time 0.860s (1.096s)	Speed 37.2 samples/s	Data 0.001s (0.095s)	Loss 0.15887 (0.18377)
2022-11-22 00:21:06,113 Epoch: [1][80/200]	Time 0.857s (1.068s)	Speed 37.3 samples/s	Data 0.001s (0.084s)	Loss 0.12115 (0.17926)
2022-11-22 00:21:14,771 Epoch: [1][90/200]	Time 0.861s (1.046s)	Speed 37.2 samples/s	Data 0.001s (0.075s)	Loss 0.13948 (0.17465)
2022-11-22 00:21:23,662 Epoch: [1][100/200]	Time 0.879s (1.030s)	Speed 36.4 samples/s	Data 0.001s (0.067s)	Loss 0.13005 (0.17156)
2022-11-22 00:21:32,187 Epoch: [1][110/200]	Time 0.901s (1.014s)	Speed 35.5 samples/s	Data 0.001s (0.061s)	Loss 0.12008 (0.16806)
2022-11-22 00:21:40,790 Epoch: [1][120/200]	Time 0.862s (1.002s)	Speed 37.1 samples/s	Data 0.001s (0.056s)	Loss 0.10576 (0.16389)
2022-11-22 00:21:49,400 Epoch: [1][130/200]	Time 0.885s (0.991s)	Speed 36.1 samples/s	Data 0.001s (0.052s)	Loss 0.10369 (0.15994)
2022-11-22 00:21:58,291 Epoch: [1][140/200]	Time 0.864s (0.984s)	Speed 37.0 samples/s	Data 0.001s (0.049s)	Loss 0.12605 (0.15647)
2022-11-22 00:22:06,937 Epoch: [1][150/200]	Time 0.842s (0.976s)	Speed 38.0 samples/s	Data 0.001s (0.045s)	Loss 0.09411 (0.15306)
2022-11-22 00:22:15,727 Epoch: [1][160/200]	Time 0.860s (0.970s)	Speed 37.2 samples/s	Data 0.001s (0.043s)	Loss 0.10517 (0.14992)
2022-11-22 00:22:24,892 Epoch: [1][170/200]	Time 1.015s (0.967s)	Speed 31.5 samples/s	Data 0.001s (0.040s)	Loss 0.09003 (0.14691)
2022-11-22 00:22:33,767 Epoch: [1][180/200]	Time 0.875s (0.962s)	Speed 36.6 samples/s	Data 0.001s (0.038s)	Loss 0.09722 (0.14404)
2022-11-22 00:22:42,521 Epoch: [1][190/200]	Time 0.869s (0.958s)	Speed 36.8 samples/s	Data 0.001s (0.036s)	Loss 0.09333 (0.14131)
2022-11-22 00:23:13,906 Test: [0/200]	Time 3.352 (3.352)	Loss 0.2740 (0.2740)
2022-11-22 00:23:14,464 Test: [10/200]	Time 0.054 (0.355)	Loss 0.0698 (0.1959)
2022-11-22 00:23:15,020 Test: [20/200]	Time 0.052 (0.213)	Loss 0.1487 (0.2004)
2022-11-22 00:23:15,604 Test: [30/200]	Time 0.062 (0.163)	Loss 0.2627 (0.2083)
2022-11-22 00:23:16,182 Test: [40/200]	Time 0.052 (0.137)	Loss 0.2060 (0.2174)
2022-11-22 00:23:16,738 Test: [50/200]	Time 0.054 (0.121)	Loss 0.2836 (0.2181)
2022-11-22 00:23:17,287 Test: [60/200]	Time 0.054 (0.110)	Loss 0.2516 (0.2194)
2022-11-22 00:23:17,844 Test: [70/200]	Time 0.053 (0.103)	Loss 0.2013 (0.2189)
2022-11-22 00:23:18,404 Test: [80/200]	Time 0.055 (0.097)	Loss 0.2681 (0.2155)
2022-11-22 00:23:18,963 Test: [90/200]	Time 0.053 (0.092)	Loss 0.2823 (0.2178)
2022-11-22 00:23:19,521 Test: [100/200]	Time 0.053 (0.089)	Loss 0.2908 (0.2163)
2022-11-22 00:23:20,078 Test: [110/200]	Time 0.058 (0.086)	Loss 0.2893 (0.2172)
2022-11-22 00:23:20,631 Test: [120/200]	Time 0.055 (0.083)	Loss 0.2389 (0.2154)
2022-11-22 00:23:21,188 Test: [130/200]	Time 0.053 (0.081)	Loss 0.1798 (0.2179)
2022-11-22 00:23:21,734 Test: [140/200]	Time 0.052 (0.079)	Loss 0.1897 (0.2175)
2022-11-22 00:23:22,296 Test: [150/200]	Time 0.058 (0.078)	Loss 0.2126 (0.2160)
2022-11-22 00:23:22,845 Test: [160/200]	Time 0.053 (0.076)	Loss 0.2626 (0.2158)
2022-11-22 00:23:23,404 Test: [170/200]	Time 0.057 (0.075)	Loss 0.1568 (0.2139)
2022-11-22 00:23:23,955 Test: [180/200]	Time 0.053 (0.074)	Loss 0.1609 (0.2126)
2022-11-22 00:23:24,512 Test: [190/200]	Time 0.056 (0.073)	Loss 0.1447 (0.2136)
2022-11-22 00:23:31,283 Mean IoU score: 0.507
2022-11-22 00:23:31,290 => saving checkpoint to out
2022-11-22 00:23:38,060 Epoch: [2][0/200]	Time 6.427s (6.427s)	Speed 5.0 samples/s	Data 5.403s (5.403s)	Loss 0.07410 (0.07410)
2022-11-22 00:23:46,259 Epoch: [2][10/200]	Time 0.825s (1.330s)	Speed 38.8 samples/s	Data 0.001s (0.492s)	Loss 0.08427 (0.08429)
2022-11-22 00:23:54,573 Epoch: [2][20/200]	Time 0.850s (1.092s)	Speed 37.6 samples/s	Data 0.001s (0.258s)	Loss 0.08180 (0.08054)
2022-11-22 00:24:03,195 Epoch: [2][30/200]	Time 0.831s (1.018s)	Speed 38.5 samples/s	Data 0.001s (0.175s)	Loss 0.06606 (0.07692)
2022-11-22 00:24:11,730 Epoch: [2][40/200]	Time 0.917s (0.978s)	Speed 34.9 samples/s	Data 0.001s (0.133s)	Loss 0.06655 (0.07610)
2022-11-22 00:24:20,147 Epoch: [2][50/200]	Time 0.840s (0.951s)	Speed 38.1 samples/s	Data 0.001s (0.107s)	Loss 0.06076 (0.07426)
2022-11-22 00:24:28,658 Epoch: [2][60/200]	Time 0.844s (0.935s)	Speed 37.9 samples/s	Data 0.001s (0.090s)	Loss 0.05842 (0.07268)
2022-11-22 00:24:37,369 Epoch: [2][70/200]	Time 0.927s (0.926s)	Speed 34.5 samples/s	Data 0.001s (0.077s)	Loss 0.06841 (0.07110)
2022-11-22 00:24:45,855 Epoch: [2][80/200]	Time 0.863s (0.916s)	Speed 37.1 samples/s	Data 0.001s (0.068s)	Loss 0.06069 (0.06986)
2022-11-22 00:24:54,494 Epoch: [2][90/200]	Time 0.923s (0.911s)	Speed 34.7 samples/s	Data 0.001s (0.060s)	Loss 0.05262 (0.06866)
2022-11-22 00:25:03,175 Epoch: [2][100/200]	Time 0.854s (0.906s)	Speed 37.5 samples/s	Data 0.001s (0.055s)	Loss 0.06077 (0.06734)
2022-11-22 00:25:11,721 Epoch: [2][110/200]	Time 0.844s (0.902s)	Speed 37.9 samples/s	Data 0.001s (0.050s)	Loss 0.05479 (0.06677)
2022-11-22 00:25:20,427 Epoch: [2][120/200]	Time 0.836s (0.899s)	Speed 38.3 samples/s	Data 0.001s (0.046s)	Loss 0.05834 (0.06566)
2022-11-22 00:25:29,068 Epoch: [2][130/200]	Time 0.869s (0.896s)	Speed 36.8 samples/s	Data 0.001s (0.042s)	Loss 0.05891 (0.06474)
2022-11-22 00:25:38,838 Epoch: [2][140/200]	Time 0.875s (0.902s)	Speed 36.6 samples/s	Data 0.001s (0.039s)	Loss 0.05776 (0.06405)
2022-11-22 00:25:47,278 Epoch: [2][150/200]	Time 0.844s (0.898s)	Speed 37.9 samples/s	Data 0.001s (0.037s)	Loss 0.04653 (0.06343)
2022-11-22 00:25:55,774 Epoch: [2][160/200]	Time 0.847s (0.895s)	Speed 37.8 samples/s	Data 0.001s (0.035s)	Loss 0.04171 (0.06242)
2022-11-22 00:26:04,522 Epoch: [2][170/200]	Time 0.873s (0.894s)	Speed 36.7 samples/s	Data 0.001s (0.033s)	Loss 0.04450 (0.06153)
2022-11-22 00:26:13,022 Epoch: [2][180/200]	Time 0.861s (0.892s)	Speed 37.2 samples/s	Data 0.001s (0.031s)	Loss 0.04445 (0.06051)
2022-11-22 00:26:21,556 Epoch: [2][190/200]	Time 0.843s (0.890s)	Speed 38.0 samples/s	Data 0.001s (0.029s)	Loss 0.05480 (0.05968)
2022-11-22 00:26:52,602 Test: [0/200]	Time 3.468 (3.468)	Loss 0.1147 (0.1147)
2022-11-22 00:26:53,227 Test: [10/200]	Time 0.059 (0.372)	Loss 0.0341 (0.1060)
2022-11-22 00:26:53,811 Test: [20/200]	Time 0.056 (0.223)	Loss 0.0724 (0.1098)
2022-11-22 00:26:54,492 Test: [30/200]	Time 0.064 (0.173)	Loss 0.1708 (0.1159)
2022-11-22 00:26:55,064 Test: [40/200]	Time 0.057 (0.145)	Loss 0.1200 (0.1208)
2022-11-22 00:26:55,628 Test: [50/200]	Time 0.054 (0.127)	Loss 0.1718 (0.1215)
2022-11-22 00:26:56,200 Test: [60/200]	Time 0.056 (0.116)	Loss 0.1500 (0.1250)
2022-11-22 00:26:56,772 Test: [70/200]	Time 0.057 (0.108)	Loss 0.0962 (0.1242)
2022-11-22 00:26:57,347 Test: [80/200]	Time 0.058 (0.101)	Loss 0.1321 (0.1226)
2022-11-22 00:26:57,993 Test: [90/200]	Time 0.059 (0.097)	Loss 0.1584 (0.1243)
2022-11-22 00:26:58,564 Test: [100/200]	Time 0.056 (0.093)	Loss 0.1777 (0.1239)
2022-11-22 00:26:59,176 Test: [110/200]	Time 0.055 (0.090)	Loss 0.1957 (0.1248)
2022-11-22 00:26:59,754 Test: [120/200]	Time 0.056 (0.088)	Loss 0.1510 (0.1231)
2022-11-22 00:27:00,324 Test: [130/200]	Time 0.055 (0.085)	Loss 0.1202 (0.1246)
2022-11-22 00:27:00,884 Test: [140/200]	Time 0.054 (0.083)	Loss 0.1015 (0.1237)
2022-11-22 00:27:01,459 Test: [150/200]	Time 0.054 (0.082)	Loss 0.1262 (0.1226)
2022-11-22 00:27:02,028 Test: [160/200]	Time 0.054 (0.080)	Loss 0.1394 (0.1226)
2022-11-22 00:27:02,597 Test: [170/200]	Time 0.055 (0.079)	Loss 0.1244 (0.1214)
2022-11-22 00:27:03,177 Test: [180/200]	Time 0.054 (0.078)	Loss 0.1001 (0.1206)
2022-11-22 00:27:03,748 Test: [190/200]	Time 0.055 (0.077)	Loss 0.0793 (0.1208)
2022-11-22 00:27:10,542 Mean IoU score: 0.739
2022-11-22 00:27:10,551 => saving checkpoint to out
2022-11-22 00:27:16,753 Epoch: [3][0/200]	Time 5.917s (5.917s)	Speed 5.4 samples/s	Data 4.943s (4.943s)	Loss 0.03884 (0.03884)
2022-11-22 00:27:24,885 Epoch: [3][10/200]	Time 0.800s (1.277s)	Speed 40.0 samples/s	Data 0.001s (0.450s)	Loss 0.04443 (0.04150)
2022-11-22 00:27:33,222 Epoch: [3][20/200]	Time 0.922s (1.066s)	Speed 34.7 samples/s	Data 0.001s (0.236s)	Loss 0.06248 (0.04074)
2022-11-22 00:27:41,725 Epoch: [3][30/200]	Time 0.830s (0.996s)	Speed 38.6 samples/s	Data 0.001s (0.160s)	Loss 0.02713 (0.03999)
2022-11-22 00:27:50,187 Epoch: [3][40/200]	Time 0.815s (0.960s)	Speed 39.3 samples/s	Data 0.001s (0.122s)	Loss 0.03500 (0.03929)
2022-11-22 00:27:58,690 Epoch: [3][50/200]	Time 0.855s (0.938s)	Speed 37.4 samples/s	Data 0.001s (0.098s)	Loss 0.03045 (0.03845)
2022-11-22 00:28:07,346 Epoch: [3][60/200]	Time 0.969s (0.926s)	Speed 33.0 samples/s	Data 0.001s (0.082s)	Loss 0.03345 (0.03766)
2022-11-22 00:28:15,850 Epoch: [3][70/200]	Time 0.833s (0.916s)	Speed 38.4 samples/s	Data 0.001s (0.071s)	Loss 0.03582 (0.03718)
2022-11-22 00:28:24,316 Epoch: [3][80/200]	Time 0.838s (0.907s)	Speed 38.2 samples/s	Data 0.001s (0.062s)	Loss 0.02641 (0.03696)
2022-11-22 00:28:32,866 Epoch: [3][90/200]	Time 0.884s (0.901s)	Speed 36.2 samples/s	Data 0.001s (0.055s)	Loss 0.03148 (0.03666)
2022-11-22 00:28:41,607 Epoch: [3][100/200]	Time 0.842s (0.899s)	Speed 38.0 samples/s	Data 0.001s (0.050s)	Loss 0.03279 (0.03652)
2022-11-22 00:28:50,162 Epoch: [3][110/200]	Time 0.857s (0.895s)	Speed 37.3 samples/s	Data 0.001s (0.046s)	Loss 0.02970 (0.03630)
2022-11-22 00:28:58,777 Epoch: [3][120/200]	Time 0.897s (0.892s)	Speed 35.7 samples/s	Data 0.001s (0.042s)	Loss 0.03902 (0.03621)
2022-11-22 00:29:07,552 Epoch: [3][130/200]	Time 0.858s (0.891s)	Speed 37.3 samples/s	Data 0.001s (0.039s)	Loss 0.03214 (0.03607)
2022-11-22 00:29:16,577 Epoch: [3][140/200]	Time 0.830s (0.892s)	Speed 38.6 samples/s	Data 0.001s (0.036s)	Loss 0.03432 (0.03586)
2022-11-22 00:29:25,161 Epoch: [3][150/200]	Time 0.850s (0.890s)	Speed 37.7 samples/s	Data 0.001s (0.034s)	Loss 0.02654 (0.03579)
2022-11-22 00:29:33,760 Epoch: [3][160/200]	Time 0.836s (0.888s)	Speed 38.3 samples/s	Data 0.001s (0.032s)	Loss 0.03479 (0.03593)
2022-11-22 00:29:42,556 Epoch: [3][170/200]	Time 0.915s (0.887s)	Speed 35.0 samples/s	Data 0.001s (0.030s)	Loss 0.04259 (0.03585)
2022-11-22 00:29:51,089 Epoch: [3][180/200]	Time 0.860s (0.885s)	Speed 37.2 samples/s	Data 0.001s (0.028s)	Loss 0.03351 (0.03563)
2022-11-22 00:29:59,931 Epoch: [3][190/200]	Time 1.096s (0.885s)	Speed 29.2 samples/s	Data 0.001s (0.027s)	Loss 0.02437 (0.03539)
2022-11-22 00:30:31,258 Test: [0/200]	Time 3.381 (3.381)	Loss 0.1333 (0.1333)
2022-11-22 00:30:31,836 Test: [10/200]	Time 0.058 (0.360)	Loss 0.0194 (0.0882)
2022-11-22 00:30:32,398 Test: [20/200]	Time 0.054 (0.215)	Loss 0.0558 (0.0947)
2022-11-22 00:30:33,025 Test: [30/200]	Time 0.056 (0.166)	Loss 0.1261 (0.1014)
2022-11-22 00:30:33,593 Test: [40/200]	Time 0.056 (0.139)	Loss 0.0965 (0.1061)
2022-11-22 00:30:34,173 Test: [50/200]	Time 0.055 (0.123)	Loss 0.1419 (0.1055)
2022-11-22 00:30:34,751 Test: [60/200]	Time 0.058 (0.113)	Loss 0.1254 (0.1080)
2022-11-22 00:30:35,326 Test: [70/200]	Time 0.055 (0.105)	Loss 0.1105 (0.1074)
2022-11-22 00:30:35,895 Test: [80/200]	Time 0.057 (0.099)	Loss 0.1271 (0.1050)
2022-11-22 00:30:36,465 Test: [90/200]	Time 0.055 (0.094)	Loss 0.1281 (0.1067)
2022-11-22 00:30:37,023 Test: [100/200]	Time 0.054 (0.091)	Loss 0.1444 (0.1061)
2022-11-22 00:30:37,602 Test: [110/200]	Time 0.059 (0.088)	Loss 0.1640 (0.1068)
2022-11-22 00:30:38,175 Test: [120/200]	Time 0.055 (0.085)	Loss 0.1082 (0.1055)
2022-11-22 00:30:38,752 Test: [130/200]	Time 0.058 (0.083)	Loss 0.0962 (0.1061)
2022-11-22 00:30:39,319 Test: [140/200]	Time 0.057 (0.081)	Loss 0.1165 (0.1061)
2022-11-22 00:30:39,900 Test: [150/200]	Time 0.055 (0.080)	Loss 0.0979 (0.1051)
2022-11-22 00:30:40,468 Test: [160/200]	Time 0.054 (0.078)	Loss 0.1170 (0.1052)
2022-11-22 00:30:41,045 Test: [170/200]	Time 0.055 (0.077)	Loss 0.0831 (0.1037)
2022-11-22 00:30:41,611 Test: [180/200]	Time 0.054 (0.076)	Loss 0.0937 (0.1033)
2022-11-22 00:30:42,184 Test: [190/200]	Time 0.054 (0.075)	Loss 0.0579 (0.1033)
2022-11-22 00:30:48,959 Mean IoU score: 0.764
2022-11-22 00:30:48,967 => saving checkpoint to out
2022-11-22 00:30:55,712 Epoch: [4][0/200]	Time 6.448s (6.448s)	Speed 5.0 samples/s	Data 5.463s (5.463s)	Loss 0.03266 (0.03266)
2022-11-22 00:31:03,869 Epoch: [4][10/200]	Time 0.807s (1.328s)	Speed 39.7 samples/s	Data 0.001s (0.498s)	Loss 0.02629 (0.02966)
2022-11-22 00:31:12,248 Epoch: [4][20/200]	Time 0.830s (1.095s)	Speed 38.6 samples/s	Data 0.001s (0.261s)	Loss 0.02382 (0.02782)
2022-11-22 00:31:20,743 Epoch: [4][30/200]	Time 0.819s (1.015s)	Speed 39.1 samples/s	Data 0.001s (0.177s)	Loss 0.02462 (0.02761)
2022-11-22 00:31:29,034 Epoch: [4][40/200]	Time 0.829s (0.970s)	Speed 38.6 samples/s	Data 0.001s (0.134s)	Loss 0.02445 (0.02777)
2022-11-22 00:31:37,424 Epoch: [4][50/200]	Time 0.837s (0.944s)	Speed 38.2 samples/s	Data 0.001s (0.108s)	Loss 0.02454 (0.02747)
2022-11-22 00:31:45,843 Epoch: [4][60/200]	Time 0.884s (0.928s)	Speed 36.2 samples/s	Data 0.001s (0.091s)	Loss 0.01988 (0.02693)
2022-11-22 00:31:54,364 Epoch: [4][70/200]	Time 0.830s (0.917s)	Speed 38.5 samples/s	Data 0.001s (0.078s)	Loss 0.02640 (0.02688)
2022-11-22 00:32:02,842 Epoch: [4][80/200]	Time 0.851s (0.908s)	Speed 37.6 samples/s	Data 0.001s (0.069s)	Loss 0.02369 (0.02662)
2022-11-22 00:32:11,496 Epoch: [4][90/200]	Time 0.834s (0.904s)	Speed 38.4 samples/s	Data 0.001s (0.061s)	Loss 0.02684 (0.02630)
2022-11-22 00:32:20,770 Epoch: [4][100/200]	Time 0.848s (0.906s)	Speed 37.7 samples/s	Data 0.001s (0.055s)	Loss 0.02658 (0.02623)
2022-11-22 00:32:29,437 Epoch: [4][110/200]	Time 0.873s (0.902s)	Speed 36.7 samples/s	Data 0.001s (0.050s)	Loss 0.02693 (0.02624)
2022-11-22 00:32:38,091 Epoch: [4][120/200]	Time 0.882s (0.899s)	Speed 36.3 samples/s	Data 0.001s (0.046s)	Loss 0.02901 (0.02607)
2022-11-22 00:32:46,631 Epoch: [4][130/200]	Time 0.838s (0.896s)	Speed 38.2 samples/s	Data 0.001s (0.043s)	Loss 0.02323 (0.02601)
2022-11-22 00:32:55,444 Epoch: [4][140/200]	Time 0.849s (0.895s)	Speed 37.7 samples/s	Data 0.001s (0.040s)	Loss 0.02394 (0.02604)
2022-11-22 00:33:03,948 Epoch: [4][150/200]	Time 0.855s (0.892s)	Speed 37.4 samples/s	Data 0.001s (0.037s)	Loss 0.01984 (0.02591)
2022-11-22 00:33:12,609 Epoch: [4][160/200]	Time 0.855s (0.890s)	Speed 37.4 samples/s	Data 0.001s (0.035s)	Loss 0.02116 (0.02566)
2022-11-22 00:33:21,325 Epoch: [4][170/200]	Time 0.919s (0.889s)	Speed 34.8 samples/s	Data 0.001s (0.033s)	Loss 0.02000 (0.02550)
2022-11-22 00:33:29,848 Epoch: [4][180/200]	Time 0.858s (0.887s)	Speed 37.3 samples/s	Data 0.001s (0.031s)	Loss 0.03100 (0.02543)
2022-11-22 00:33:38,498 Epoch: [4][190/200]	Time 0.844s (0.886s)	Speed 37.9 samples/s	Data 0.001s (0.030s)	Loss 0.02553 (0.02531)
2022-11-22 00:34:09,502 Test: [0/200]	Time 3.355 (3.355)	Loss 0.0847 (0.0847)
2022-11-22 00:34:10,075 Test: [10/200]	Time 0.056 (0.357)	Loss 0.0269 (0.0738)
2022-11-22 00:34:10,625 Test: [20/200]	Time 0.056 (0.213)	Loss 0.0567 (0.0771)
2022-11-22 00:34:11,186 Test: [30/200]	Time 0.059 (0.163)	Loss 0.1050 (0.0829)
2022-11-22 00:34:11,757 Test: [40/200]	Time 0.059 (0.137)	Loss 0.0666 (0.0859)
2022-11-22 00:34:12,333 Test: [50/200]	Time 0.055 (0.121)	Loss 0.1460 (0.0859)
2022-11-22 00:34:12,892 Test: [60/200]	Time 0.052 (0.111)	Loss 0.1277 (0.0889)
2022-11-22 00:34:13,446 Test: [70/200]	Time 0.054 (0.103)	Loss 0.0801 (0.0889)
2022-11-22 00:34:14,001 Test: [80/200]	Time 0.056 (0.097)	Loss 0.0956 (0.0873)
2022-11-22 00:34:14,557 Test: [90/200]	Time 0.053 (0.092)	Loss 0.1093 (0.0891)
2022-11-22 00:34:15,102 Test: [100/200]	Time 0.053 (0.089)	Loss 0.1452 (0.0886)
2022-11-22 00:34:15,659 Test: [110/200]	Time 0.054 (0.086)	Loss 0.1604 (0.0896)
2022-11-22 00:34:16,206 Test: [120/200]	Time 0.054 (0.083)	Loss 0.1150 (0.0878)
2022-11-22 00:34:16,766 Test: [130/200]	Time 0.053 (0.081)	Loss 0.0750 (0.0883)
2022-11-22 00:34:17,317 Test: [140/200]	Time 0.057 (0.079)	Loss 0.0721 (0.0875)
2022-11-22 00:34:17,878 Test: [150/200]	Time 0.058 (0.078)	Loss 0.0770 (0.0864)
2022-11-22 00:34:18,430 Test: [160/200]	Time 0.053 (0.076)	Loss 0.0880 (0.0864)
2022-11-22 00:34:18,984 Test: [170/200]	Time 0.056 (0.075)	Loss 0.0761 (0.0853)
2022-11-22 00:34:19,532 Test: [180/200]	Time 0.055 (0.074)	Loss 0.0587 (0.0843)
2022-11-22 00:34:20,092 Test: [190/200]	Time 0.055 (0.073)	Loss 0.0423 (0.0842)
2022-11-22 00:34:26,859 Mean IoU score: 0.807
2022-11-22 00:34:26,868 => saving checkpoint to out
2022-11-22 00:34:34,540 Epoch: [5][0/200]	Time 7.398s (7.398s)	Speed 4.3 samples/s	Data 6.403s (6.403s)	Loss 0.01691 (0.01691)
2022-11-22 00:34:42,597 Epoch: [5][10/200]	Time 0.812s (1.405s)	Speed 39.4 samples/s	Data 0.001s (0.583s)	Loss 0.01724 (0.02155)
2022-11-22 00:34:50,804 Epoch: [5][20/200]	Time 0.822s (1.127s)	Speed 39.0 samples/s	Data 0.001s (0.306s)	Loss 0.02150 (0.02160)
2022-11-22 00:34:59,221 Epoch: [5][30/200]	Time 0.829s (1.035s)	Speed 38.6 samples/s	Data 0.001s (0.208s)	Loss 0.02835 (0.02152)
2022-11-22 00:35:07,583 Epoch: [5][40/200]	Time 0.831s (0.986s)	Speed 38.5 samples/s	Data 0.001s (0.157s)	Loss 0.01969 (0.02152)
2022-11-22 00:35:15,920 Epoch: [5][50/200]	Time 0.839s (0.956s)	Speed 38.2 samples/s	Data 0.001s (0.127s)	Loss 0.02368 (0.02142)
2022-11-22 00:35:24,612 Epoch: [5][60/200]	Time 1.007s (0.942s)	Speed 31.8 samples/s	Data 0.001s (0.106s)	Loss 0.01556 (0.02106)
2022-11-22 00:35:33,235 Epoch: [5][70/200]	Time 0.859s (0.931s)	Speed 37.3 samples/s	Data 0.001s (0.091s)	Loss 0.01821 (0.02082)
2022-11-22 00:35:41,861 Epoch: [5][80/200]	Time 0.830s (0.922s)	Speed 38.6 samples/s	Data 0.001s (0.080s)	Loss 0.01869 (0.02063)
2022-11-22 00:35:50,303 Epoch: [5][90/200]	Time 0.850s (0.914s)	Speed 37.6 samples/s	Data 0.001s (0.071s)	Loss 0.01404 (0.02051)
2022-11-22 00:35:58,958 Epoch: [5][100/200]	Time 0.835s (0.909s)	Speed 38.3 samples/s	Data 0.001s (0.064s)	Loss 0.02112 (0.02038)
2022-11-22 00:36:07,557 Epoch: [5][110/200]	Time 0.935s (0.905s)	Speed 34.2 samples/s	Data 0.001s (0.059s)	Loss 0.02146 (0.02039)
2022-11-22 00:36:16,013 Epoch: [5][120/200]	Time 0.834s (0.900s)	Speed 38.4 samples/s	Data 0.001s (0.054s)	Loss 0.01995 (0.02023)
2022-11-22 00:36:24,747 Epoch: [5][130/200]	Time 0.865s (0.898s)	Speed 37.0 samples/s	Data 0.001s (0.050s)	Loss 0.02339 (0.02030)
2022-11-22 00:36:33,507 Epoch: [5][140/200]	Time 0.834s (0.896s)	Speed 38.4 samples/s	Data 0.001s (0.046s)	Loss 0.02146 (0.02029)
2022-11-22 00:36:42,100 Epoch: [5][150/200]	Time 0.825s (0.894s)	Speed 38.8 samples/s	Data 0.001s (0.043s)	Loss 0.02317 (0.02022)
2022-11-22 00:36:50,742 Epoch: [5][160/200]	Time 0.872s (0.892s)	Speed 36.7 samples/s	Data 0.001s (0.041s)	Loss 0.02116 (0.02006)
2022-11-22 00:36:59,444 Epoch: [5][170/200]	Time 0.926s (0.891s)	Speed 34.6 samples/s	Data 0.001s (0.039s)	Loss 0.01808 (0.01996)
2022-11-22 00:37:07,929 Epoch: [5][180/200]	Time 0.851s (0.888s)	Speed 37.6 samples/s	Data 0.001s (0.036s)	Loss 0.01780 (0.01999)
2022-11-22 00:37:16,489 Epoch: [5][190/200]	Time 0.846s (0.887s)	Speed 37.8 samples/s	Data 0.001s (0.035s)	Loss 0.01775 (0.01999)
2022-11-22 00:37:47,665 Test: [0/200]	Time 3.553 (3.553)	Loss 0.0890 (0.0890)
2022-11-22 00:37:48,237 Test: [10/200]	Time 0.055 (0.375)	Loss 0.0264 (0.0647)
2022-11-22 00:37:48,803 Test: [20/200]	Time 0.058 (0.223)	Loss 0.0435 (0.0670)
2022-11-22 00:37:49,382 Test: [30/200]	Time 0.056 (0.170)	Loss 0.1072 (0.0727)
2022-11-22 00:37:49,979 Test: [40/200]	Time 0.065 (0.143)	Loss 0.0604 (0.0755)
2022-11-22 00:37:50,580 Test: [50/200]	Time 0.056 (0.127)	Loss 0.1119 (0.0756)
2022-11-22 00:37:51,145 Test: [60/200]	Time 0.054 (0.115)	Loss 0.1105 (0.0784)
2022-11-22 00:37:51,726 Test: [70/200]	Time 0.059 (0.107)	Loss 0.0649 (0.0780)
2022-11-22 00:37:52,291 Test: [80/200]	Time 0.056 (0.101)	Loss 0.1004 (0.0768)
2022-11-22 00:37:52,867 Test: [90/200]	Time 0.058 (0.096)	Loss 0.1018 (0.0789)
2022-11-22 00:37:53,433 Test: [100/200]	Time 0.054 (0.092)	Loss 0.0999 (0.0784)
2022-11-22 00:37:54,003 Test: [110/200]	Time 0.055 (0.089)	Loss 0.1650 (0.0790)
2022-11-22 00:37:54,571 Test: [120/200]	Time 0.055 (0.086)	Loss 0.0936 (0.0774)
2022-11-22 00:37:55,222 Test: [130/200]	Time 0.064 (0.085)	Loss 0.0602 (0.0779)
2022-11-22 00:37:55,807 Test: [140/200]	Time 0.056 (0.083)	Loss 0.0716 (0.0774)
2022-11-22 00:37:56,459 Test: [150/200]	Time 0.060 (0.082)	Loss 0.0713 (0.0762)
2022-11-22 00:37:57,101 Test: [160/200]	Time 0.058 (0.081)	Loss 0.0837 (0.0765)
2022-11-22 00:37:57,705 Test: [170/200]	Time 0.065 (0.079)	Loss 0.0778 (0.0759)
2022-11-22 00:37:58,289 Test: [180/200]	Time 0.056 (0.078)	Loss 0.0571 (0.0752)
2022-11-22 00:37:58,862 Test: [190/200]	Time 0.054 (0.077)	Loss 0.0371 (0.0750)
2022-11-22 00:38:05,645 Mean IoU score: 0.819
2022-11-22 00:38:05,652 => saving checkpoint to out
2022-11-22 00:38:12,943 Epoch: [6][0/200]	Time 7.016s (7.016s)	Speed 4.6 samples/s	Data 6.009s (6.009s)	Loss 0.01625 (0.01625)
2022-11-22 00:38:21,112 Epoch: [6][10/200]	Time 0.823s (1.380s)	Speed 38.9 samples/s	Data 0.001s (0.547s)	Loss 0.02030 (0.01676)
2022-11-22 00:38:29,382 Epoch: [6][20/200]	Time 0.824s (1.117s)	Speed 38.8 samples/s	Data 0.001s (0.287s)	Loss 0.01732 (0.01769)
2022-11-22 00:38:37,935 Epoch: [6][30/200]	Time 0.839s (1.033s)	Speed 38.1 samples/s	Data 0.001s (0.195s)	Loss 0.01698 (0.01761)
2022-11-22 00:38:46,334 Epoch: [6][40/200]	Time 0.842s (0.986s)	Speed 38.0 samples/s	Data 0.001s (0.148s)	Loss 0.01808 (0.01745)
2022-11-22 00:38:54,862 Epoch: [6][50/200]	Time 0.829s (0.959s)	Speed 38.6 samples/s	Data 0.001s (0.119s)	Loss 0.01530 (0.01733)
2022-11-22 00:39:03,446 Epoch: [6][60/200]	Time 0.977s (0.943s)	Speed 32.8 samples/s	Data 0.001s (0.100s)	Loss 0.01373 (0.01702)
2022-11-22 00:39:12,038 Epoch: [6][70/200]	Time 0.832s (0.931s)	Speed 38.5 samples/s	Data 0.001s (0.086s)	Loss 0.01432 (0.01670)
2022-11-22 00:39:20,518 Epoch: [6][80/200]	Time 0.838s (0.921s)	Speed 38.2 samples/s	Data 0.001s (0.075s)	Loss 0.01414 (0.01654)
2022-11-22 00:39:28,968 Epoch: [6][90/200]	Time 0.860s (0.913s)	Speed 37.2 samples/s	Data 0.001s (0.067s)	Loss 0.01627 (0.01641)
2022-11-22 00:39:37,673 Epoch: [6][100/200]	Time 0.842s (0.908s)	Speed 38.0 samples/s	Data 0.001s (0.061s)	Loss 0.01503 (0.01635)
2022-11-22 00:39:46,238 Epoch: [6][110/200]	Time 0.856s (0.904s)	Speed 37.4 samples/s	Data 0.001s (0.055s)	Loss 0.01274 (0.01628)
2022-11-22 00:39:54,830 Epoch: [6][120/200]	Time 0.855s (0.900s)	Speed 37.4 samples/s	Data 0.001s (0.051s)	Loss 0.01693 (0.01623)
2022-11-22 00:40:03,615 Epoch: [6][130/200]	Time 0.889s (0.898s)	Speed 36.0 samples/s	Data 0.001s (0.047s)	Loss 0.01112 (0.01610)
2022-11-22 00:40:12,532 Epoch: [6][140/200]	Time 0.864s (0.898s)	Speed 37.1 samples/s	Data 0.001s (0.044s)	Loss 0.01393 (0.01600)
2022-11-22 00:40:21,148 Epoch: [6][150/200]	Time 0.853s (0.895s)	Speed 37.5 samples/s	Data 0.001s (0.041s)	Loss 0.01545 (0.01594)
2022-11-22 00:40:29,852 Epoch: [6][160/200]	Time 0.862s (0.894s)	Speed 37.1 samples/s	Data 0.001s (0.038s)	Loss 0.01820 (0.01594)
2022-11-22 00:40:38,822 Epoch: [6][170/200]	Time 0.940s (0.894s)	Speed 34.0 samples/s	Data 0.001s (0.036s)	Loss 0.01518 (0.01584)
2022-11-22 00:40:48,967 Epoch: [6][180/200]	Time 1.192s (0.901s)	Speed 26.8 samples/s	Data 0.001s (0.034s)	Loss 0.01134 (0.01582)
2022-11-22 00:40:59,925 Epoch: [6][190/200]	Time 1.199s (0.911s)	Speed 26.7 samples/s	Data 0.001s (0.033s)	Loss 0.01551 (0.01577)
2022-11-22 00:41:35,363 Test: [0/200]	Time 5.005 (5.005)	Loss 0.0773 (0.0773)
2022-11-22 00:41:36,009 Test: [10/200]	Time 0.054 (0.514)	Loss 0.0223 (0.0558)
2022-11-22 00:41:36,673 Test: [20/200]	Time 0.055 (0.301)	Loss 0.0296 (0.0609)
2022-11-22 00:41:37,315 Test: [30/200]	Time 0.068 (0.224)	Loss 0.0828 (0.0639)
2022-11-22 00:41:37,945 Test: [40/200]	Time 0.065 (0.185)	Loss 0.0507 (0.0663)
2022-11-22 00:41:38,636 Test: [50/200]	Time 0.067 (0.162)	Loss 0.1180 (0.0661)
2022-11-22 00:41:39,261 Test: [60/200]	Time 0.065 (0.146)	Loss 0.0957 (0.0683)
2022-11-22 00:41:40,133 Test: [70/200]	Time 0.072 (0.138)	Loss 0.0568 (0.0674)
2022-11-22 00:41:40,897 Test: [80/200]	Time 0.061 (0.130)	Loss 0.0633 (0.0658)
2022-11-22 00:41:41,479 Test: [90/200]	Time 0.057 (0.122)	Loss 0.0959 (0.0673)
2022-11-22 00:41:42,048 Test: [100/200]	Time 0.057 (0.116)	Loss 0.1019 (0.0671)
2022-11-22 00:41:42,628 Test: [110/200]	Time 0.056 (0.111)	Loss 0.1272 (0.0679)
2022-11-22 00:41:43,194 Test: [120/200]	Time 0.056 (0.106)	Loss 0.0752 (0.0664)
2022-11-22 00:41:43,764 Test: [130/200]	Time 0.055 (0.102)	Loss 0.0613 (0.0667)
2022-11-22 00:41:44,328 Test: [140/200]	Time 0.055 (0.099)	Loss 0.0589 (0.0665)
2022-11-22 00:41:44,899 Test: [150/200]	Time 0.056 (0.096)	Loss 0.0586 (0.0653)
2022-11-22 00:41:45,461 Test: [160/200]	Time 0.055 (0.094)	Loss 0.0756 (0.0653)
2022-11-22 00:41:46,034 Test: [170/200]	Time 0.055 (0.092)	Loss 0.0571 (0.0645)
2022-11-22 00:41:46,602 Test: [180/200]	Time 0.056 (0.090)	Loss 0.0577 (0.0641)
2022-11-22 00:41:47,164 Test: [190/200]	Time 0.055 (0.088)	Loss 0.0338 (0.0640)
2022-11-22 00:41:53,979 Mean IoU score: 0.845
2022-11-22 00:41:53,986 => saving checkpoint to out
2022-11-22 00:42:02,552 Epoch: [7][0/200]	Time 8.254s (8.254s)	Speed 3.9 samples/s	Data 7.138s (7.138s)	Loss 0.01420 (0.01420)
2022-11-22 00:42:12,255 Epoch: [7][10/200]	Time 0.923s (1.632s)	Speed 34.7 samples/s	Data 0.001s (0.650s)	Loss 0.01237 (0.01430)
2022-11-22 00:42:21,501 Epoch: [7][20/200]	Time 1.021s (1.295s)	Speed 31.3 samples/s	Data 0.001s (0.341s)	Loss 0.01643 (0.01439)
2022-11-22 00:42:30,771 Epoch: [7][30/200]	Time 0.941s (1.177s)	Speed 34.0 samples/s	Data 0.001s (0.231s)	Loss 0.01474 (0.01404)
2022-11-22 00:42:40,493 Epoch: [7][40/200]	Time 1.010s (1.127s)	Speed 31.7 samples/s	Data 0.001s (0.175s)	Loss 0.01102 (0.01398)
2022-11-22 00:42:49,978 Epoch: [7][50/200]	Time 0.911s (1.092s)	Speed 35.1 samples/s	Data 0.001s (0.141s)	Loss 0.01360 (0.01382)
2022-11-22 00:43:06,379 Epoch: [7][60/200]	Time 2.321s (1.182s)	Speed 13.8 samples/s	Data 0.001s (0.118s)	Loss 0.01331 (0.01378)
2022-11-22 00:43:18,946 Epoch: [7][70/200]	Time 0.986s (1.192s)	Speed 32.4 samples/s	Data 0.001s (0.102s)	Loss 0.01140 (0.01362)
2022-11-22 00:43:29,798 Epoch: [7][80/200]	Time 0.886s (1.179s)	Speed 36.1 samples/s	Data 0.001s (0.089s)	Loss 0.01122 (0.01358)
2022-11-22 00:43:41,046 Epoch: [7][90/200]	Time 1.003s (1.173s)	Speed 31.9 samples/s	Data 0.001s (0.080s)	Loss 0.01509 (0.01344)
2022-11-22 00:43:51,543 Epoch: [7][100/200]	Time 1.057s (1.161s)	Speed 30.3 samples/s	Data 0.001s (0.072s)	Loss 0.01591 (0.01350)
2022-11-22 00:44:02,383 Epoch: [7][110/200]	Time 1.087s (1.154s)	Speed 29.4 samples/s	Data 0.002s (0.066s)	Loss 0.01039 (0.01345)
2022-11-22 00:44:15,706 Epoch: [7][120/200]	Time 0.987s (1.169s)	Speed 32.4 samples/s	Data 0.001s (0.061s)	Loss 0.01265 (0.01353)
2022-11-22 00:44:26,023 Epoch: [7][130/200]	Time 0.967s (1.158s)	Speed 33.1 samples/s	Data 0.001s (0.056s)	Loss 0.01168 (0.01350)
2022-11-22 00:44:36,771 Epoch: [7][140/200]	Time 0.981s (1.152s)	Speed 32.6 samples/s	Data 0.001s (0.052s)	Loss 0.01688 (0.01343)
2022-11-22 00:44:47,461 Epoch: [7][150/200]	Time 0.998s (1.147s)	Speed 32.1 samples/s	Data 0.001s (0.049s)	Loss 0.01140 (0.01335)
2022-11-22 00:44:58,405 Epoch: [7][160/200]	Time 1.250s (1.144s)	Speed 25.6 samples/s	Data 0.002s (0.046s)	Loss 0.01571 (0.01329)
2022-11-22 00:45:07,978 Epoch: [7][170/200]	Time 0.917s (1.133s)	Speed 34.9 samples/s	Data 0.001s (0.043s)	Loss 0.01396 (0.01329)
2022-11-22 00:45:19,916 Epoch: [7][180/200]	Time 1.313s (1.136s)	Speed 24.4 samples/s	Data 0.005s (0.041s)	Loss 0.01245 (0.01327)
2022-11-22 00:45:34,367 Epoch: [7][190/200]	Time 0.967s (1.152s)	Speed 33.1 samples/s	Data 0.001s (0.039s)	Loss 0.01211 (0.01330)
2022-11-22 00:46:11,069 Test: [0/200]	Time 8.430 (8.430)	Loss 0.0834 (0.0834)
2022-11-22 00:46:12,436 Test: [10/200]	Time 0.283 (0.891)	Loss 0.0278 (0.0589)
2022-11-22 00:46:13,560 Test: [20/200]	Time 0.091 (0.520)	Loss 0.0331 (0.0608)
2022-11-22 00:46:14,346 Test: [30/200]	Time 0.061 (0.378)	Loss 0.0818 (0.0635)
2022-11-22 00:46:15,111 Test: [40/200]	Time 0.063 (0.304)	Loss 0.0505 (0.0654)
2022-11-22 00:46:16,077 Test: [50/200]	Time 0.181 (0.263)	Loss 0.1220 (0.0647)
2022-11-22 00:46:16,876 Test: [60/200]	Time 0.069 (0.233)	Loss 0.1117 (0.0678)
2022-11-22 00:46:17,687 Test: [70/200]	Time 0.061 (0.212)	Loss 0.0599 (0.0677)
2022-11-22 00:46:18,349 Test: [80/200]	Time 0.062 (0.194)	Loss 0.0809 (0.0665)
2022-11-22 00:46:19,009 Test: [90/200]	Time 0.061 (0.180)	Loss 0.0880 (0.0675)
2022-11-22 00:46:19,677 Test: [100/200]	Time 0.060 (0.169)	Loss 0.0891 (0.0669)
2022-11-22 00:46:20,793 Test: [110/200]	Time 0.176 (0.164)	Loss 0.1436 (0.0673)
2022-11-22 00:46:21,659 Test: [120/200]	Time 0.086 (0.157)	Loss 0.0679 (0.0657)
2022-11-22 00:46:22,726 Test: [130/200]	Time 0.094 (0.153)	Loss 0.0485 (0.0657)
2022-11-22 00:46:23,616 Test: [140/200]	Time 0.079 (0.149)	Loss 0.0610 (0.0654)
2022-11-22 00:46:24,600 Test: [150/200]	Time 0.063 (0.145)	Loss 0.0673 (0.0643)
2022-11-22 00:46:25,289 Test: [160/200]	Time 0.071 (0.141)	Loss 0.0692 (0.0645)
2022-11-22 00:46:25,973 Test: [170/200]	Time 0.064 (0.136)	Loss 0.0511 (0.0635)
2022-11-22 00:46:26,767 Test: [180/200]	Time 0.073 (0.133)	Loss 0.0382 (0.0630)
2022-11-22 00:46:28,069 Test: [190/200]	Time 0.119 (0.133)	Loss 0.0290 (0.0628)
2022-11-22 00:46:35,398 Mean IoU score: 0.849
2022-11-22 00:46:35,406 => saving checkpoint to out
2022-11-22 00:46:46,432 Epoch: [8][0/200]	Time 10.720s (10.720s)	Speed 3.0 samples/s	Data 9.494s (9.494s)	Loss 0.01182 (0.01182)
2022-11-22 00:46:57,158 Epoch: [8][10/200]	Time 0.961s (1.950s)	Speed 33.3 samples/s	Data 0.001s (0.864s)	Loss 0.01012 (0.01169)
2022-11-22 00:47:07,474 Epoch: [8][20/200]	Time 0.977s (1.512s)	Speed 32.8 samples/s	Data 0.001s (0.453s)	Loss 0.01129 (0.01203)
2022-11-22 00:47:18,604 Epoch: [8][30/200]	Time 1.049s (1.384s)	Speed 30.5 samples/s	Data 0.001s (0.308s)	Loss 0.01167 (0.01197)
2022-11-22 00:47:30,323 Epoch: [8][40/200]	Time 1.128s (1.332s)	Speed 28.4 samples/s	Data 0.001s (0.233s)	Loss 0.00944 (0.01182)
2022-11-22 00:47:43,892 Epoch: [8][50/200]	Time 1.799s (1.337s)	Speed 17.8 samples/s	Data 0.005s (0.188s)	Loss 0.01189 (0.01192)
2022-11-22 00:47:57,595 Epoch: [8][60/200]	Time 1.929s (1.342s)	Speed 16.6 samples/s	Data 0.001s (0.158s)	Loss 0.01276 (0.01182)
2022-11-22 00:48:12,519 Epoch: [8][70/200]	Time 0.988s (1.363s)	Speed 32.4 samples/s	Data 0.001s (0.136s)	Loss 0.01121 (0.01172)
2022-11-22 00:48:23,549 Epoch: [8][80/200]	Time 0.924s (1.331s)	Speed 34.6 samples/s	Data 0.001s (0.119s)	Loss 0.00883 (0.01165)
2022-11-22 00:48:34,917 Epoch: [8][90/200]	Time 0.994s (1.310s)	Speed 32.2 samples/s	Data 0.001s (0.106s)	Loss 0.00898 (0.01150)
2022-11-22 00:48:45,848 Epoch: [8][100/200]	Time 1.232s (1.288s)	Speed 26.0 samples/s	Data 0.002s (0.096s)	Loss 0.01152 (0.01151)
2022-11-22 00:48:56,743 Epoch: [8][110/200]	Time 1.028s (1.271s)	Speed 31.1 samples/s	Data 0.002s (0.087s)	Loss 0.01387 (0.01150)
2022-11-22 00:49:06,007 Epoch: [8][120/200]	Time 0.880s (1.242s)	Speed 36.4 samples/s	Data 0.001s (0.080s)	Loss 0.01166 (0.01156)
2022-11-22 00:49:16,168 Epoch: [8][130/200]	Time 1.022s (1.225s)	Speed 31.3 samples/s	Data 0.001s (0.074s)	Loss 0.00842 (0.01154)
2022-11-22 00:49:27,488 Epoch: [8][140/200]	Time 1.390s (1.218s)	Speed 23.0 samples/s	Data 0.001s (0.069s)	Loss 0.01406 (0.01157)
2022-11-22 00:49:39,827 Epoch: [8][150/200]	Time 0.941s (1.219s)	Speed 34.0 samples/s	Data 0.001s (0.065s)	Loss 0.01030 (0.01152)
2022-11-22 00:49:51,722 Epoch: [8][160/200]	Time 1.381s (1.217s)	Speed 23.2 samples/s	Data 0.001s (0.061s)	Loss 0.01186 (0.01153)
2022-11-22 00:50:01,605 Epoch: [8][170/200]	Time 1.069s (1.204s)	Speed 29.9 samples/s	Data 0.001s (0.057s)	Loss 0.01098 (0.01154)
2022-11-22 00:50:13,676 Epoch: [8][180/200]	Time 0.869s (1.204s)	Speed 36.8 samples/s	Data 0.001s (0.054s)	Loss 0.01259 (0.01153)
2022-11-22 00:50:24,340 Epoch: [8][190/200]	Time 0.893s (1.197s)	Speed 35.8 samples/s	Data 0.001s (0.051s)	Loss 0.01195 (0.01147)
2022-11-22 00:50:58,836 Test: [0/200]	Time 5.346 (5.346)	Loss 0.0859 (0.0859)
2022-11-22 00:50:59,471 Test: [10/200]	Time 0.054 (0.544)	Loss 0.0297 (0.0517)
2022-11-22 00:51:00,214 Test: [20/200]	Time 0.095 (0.320)	Loss 0.0304 (0.0537)
2022-11-22 00:51:00,798 Test: [30/200]	Time 0.054 (0.236)	Loss 0.0705 (0.0581)
2022-11-22 00:51:01,490 Test: [40/200]	Time 0.129 (0.195)	Loss 0.0467 (0.0604)
2022-11-22 00:51:02,168 Test: [50/200]	Time 0.056 (0.170)	Loss 0.1192 (0.0600)
2022-11-22 00:51:02,771 Test: [60/200]	Time 0.054 (0.152)	Loss 0.0970 (0.0629)
2022-11-22 00:51:03,488 Test: [70/200]	Time 0.067 (0.141)	Loss 0.0499 (0.0623)
2022-11-22 00:51:04,101 Test: [80/200]	Time 0.056 (0.131)	Loss 0.0621 (0.0611)
2022-11-22 00:51:04,853 Test: [90/200]	Time 0.058 (0.125)	Loss 0.0701 (0.0620)
2022-11-22 00:51:05,501 Test: [100/200]	Time 0.058 (0.119)	Loss 0.0826 (0.0616)
2022-11-22 00:51:06,307 Test: [110/200]	Time 0.065 (0.115)	Loss 0.1414 (0.0620)
2022-11-22 00:51:06,972 Test: [120/200]	Time 0.054 (0.111)	Loss 0.0606 (0.0604)
2022-11-22 00:51:07,774 Test: [130/200]	Time 0.062 (0.109)	Loss 0.0416 (0.0604)
2022-11-22 00:51:08,503 Test: [140/200]	Time 0.070 (0.106)	Loss 0.0596 (0.0603)
2022-11-22 00:51:09,173 Test: [150/200]	Time 0.060 (0.104)	Loss 0.0599 (0.0592)
2022-11-22 00:51:09,829 Test: [160/200]	Time 0.055 (0.101)	Loss 0.0722 (0.0596)
2022-11-22 00:51:10,447 Test: [170/200]	Time 0.059 (0.099)	Loss 0.0507 (0.0589)
2022-11-22 00:51:11,100 Test: [180/200]	Time 0.065 (0.097)	Loss 0.0412 (0.0585)
2022-11-22 00:51:11,945 Test: [190/200]	Time 0.211 (0.097)	Loss 0.0274 (0.0584)
2022-11-22 00:51:19,359 Mean IoU score: 0.860
2022-11-22 00:51:19,368 => saving checkpoint to out
2022-11-22 00:51:30,373 Epoch: [9][0/200]	Time 10.698s (10.698s)	Speed 3.0 samples/s	Data 9.579s (9.579s)	Loss 0.01104 (0.01104)
2022-11-22 00:51:42,711 Epoch: [9][10/200]	Time 1.063s (2.094s)	Speed 30.1 samples/s	Data 0.001s (0.872s)	Loss 0.00988 (0.01045)
2022-11-22 00:51:53,233 Epoch: [9][20/200]	Time 1.166s (1.598s)	Speed 27.4 samples/s	Data 0.001s (0.457s)	Loss 0.01522 (0.01076)
2022-11-22 00:52:03,970 Epoch: [9][30/200]	Time 0.982s (1.429s)	Speed 32.6 samples/s	Data 0.001s (0.310s)	Loss 0.00987 (0.01081)
2022-11-22 00:52:14,954 Epoch: [9][40/200]	Time 1.011s (1.348s)	Speed 31.6 samples/s	Data 0.001s (0.235s)	Loss 0.01070 (0.01085)
2022-11-22 00:52:25,036 Epoch: [9][50/200]	Time 0.911s (1.282s)	Speed 35.1 samples/s	Data 0.001s (0.189s)	Loss 0.00778 (0.01074)
2022-11-22 00:52:35,970 Epoch: [9][60/200]	Time 0.964s (1.251s)	Speed 33.2 samples/s	Data 0.001s (0.158s)	Loss 0.01120 (0.01059)
2022-11-22 00:52:50,029 Epoch: [9][70/200]	Time 1.296s (1.273s)	Speed 24.7 samples/s	Data 0.002s (0.136s)	Loss 0.01039 (0.01061)
2022-11-22 00:53:01,629 Epoch: [9][80/200]	Time 0.892s (1.259s)	Speed 35.9 samples/s	Data 0.001s (0.120s)	Loss 0.00806 (0.01063)
2022-11-22 00:53:12,666 Epoch: [9][90/200]	Time 1.178s (1.242s)	Speed 27.2 samples/s	Data 0.002s (0.107s)	Loss 0.01099 (0.01054)
2022-11-22 00:53:24,576 Epoch: [9][100/200]	Time 1.089s (1.237s)	Speed 29.4 samples/s	Data 0.001s (0.096s)	Loss 0.01537 (0.01059)
2022-11-22 00:53:36,217 Epoch: [9][110/200]	Time 1.316s (1.230s)	Speed 24.3 samples/s	Data 0.001s (0.088s)	Loss 0.01148 (0.01056)
2022-11-22 00:53:47,893 Epoch: [9][120/200]	Time 1.280s (1.225s)	Speed 25.0 samples/s	Data 0.002s (0.081s)	Loss 0.00990 (0.01049)
2022-11-22 00:53:57,933 Epoch: [9][130/200]	Time 0.987s (1.208s)	Speed 32.4 samples/s	Data 0.001s (0.075s)	Loss 0.00817 (0.01053)
2022-11-22 00:54:09,999 Epoch: [9][140/200]	Time 0.997s (1.208s)	Speed 32.1 samples/s	Data 0.001s (0.070s)	Loss 0.01078 (0.01052)
2022-11-22 00:54:20,634 Epoch: [9][150/200]	Time 0.986s (1.198s)	Speed 32.4 samples/s	Data 0.001s (0.065s)	Loss 0.00884 (0.01050)
2022-11-22 00:54:31,010 Epoch: [9][160/200]	Time 0.929s (1.188s)	Speed 34.4 samples/s	Data 0.001s (0.061s)	Loss 0.01103 (0.01048)
2022-11-22 00:54:41,104 Epoch: [9][170/200]	Time 1.067s (1.178s)	Speed 30.0 samples/s	Data 0.001s (0.058s)	Loss 0.00999 (0.01042)
2022-11-22 00:54:51,645 Epoch: [9][180/200]	Time 0.999s (1.171s)	Speed 32.0 samples/s	Data 0.001s (0.054s)	Loss 0.00989 (0.01041)
2022-11-22 00:55:02,488 Epoch: [9][190/200]	Time 1.042s (1.167s)	Speed 30.7 samples/s	Data 0.001s (0.052s)	Loss 0.00778 (0.01036)
2022-11-22 00:55:37,601 Test: [0/200]	Time 5.501 (5.501)	Loss 0.0931 (0.0931)
2022-11-22 00:55:38,191 Test: [10/200]	Time 0.053 (0.554)	Loss 0.0295 (0.0540)
2022-11-22 00:55:38,749 Test: [20/200]	Time 0.054 (0.317)	Loss 0.0350 (0.0562)
2022-11-22 00:55:39,404 Test: [30/200]	Time 0.087 (0.236)	Loss 0.0726 (0.0600)
2022-11-22 00:55:40,336 Test: [40/200]	Time 0.128 (0.201)	Loss 0.0463 (0.0615)
2022-11-22 00:55:41,054 Test: [50/200]	Time 0.055 (0.176)	Loss 0.1037 (0.0615)
2022-11-22 00:55:41,838 Test: [60/200]	Time 0.054 (0.160)	Loss 0.0813 (0.0639)
2022-11-22 00:55:42,562 Test: [70/200]	Time 0.063 (0.147)	Loss 0.0502 (0.0629)
2022-11-22 00:55:43,394 Test: [80/200]	Time 0.062 (0.139)	Loss 0.0671 (0.0617)
2022-11-22 00:55:44,039 Test: [90/200]	Time 0.058 (0.131)	Loss 0.0696 (0.0632)
2022-11-22 00:55:44,613 Test: [100/200]	Time 0.057 (0.124)	Loss 0.0888 (0.0627)
2022-11-22 00:55:45,181 Test: [110/200]	Time 0.057 (0.118)	Loss 0.1337 (0.0633)
2022-11-22 00:55:45,753 Test: [120/200]	Time 0.054 (0.113)	Loss 0.0588 (0.0617)
2022-11-22 00:55:46,333 Test: [130/200]	Time 0.058 (0.109)	Loss 0.0477 (0.0618)
2022-11-22 00:55:46,929 Test: [140/200]	Time 0.056 (0.105)	Loss 0.0702 (0.0618)
2022-11-22 00:55:47,597 Test: [150/200]	Time 0.056 (0.103)	Loss 0.0521 (0.0607)
2022-11-22 00:55:48,698 Test: [160/200]	Time 0.060 (0.103)	Loss 0.0787 (0.0608)
2022-11-22 00:55:49,625 Test: [170/200]	Time 0.062 (0.102)	Loss 0.0653 (0.0602)
2022-11-22 00:55:50,472 Test: [180/200]	Time 0.089 (0.101)	Loss 0.0469 (0.0598)
2022-11-22 00:55:51,224 Test: [190/200]	Time 0.065 (0.100)	Loss 0.0267 (0.0596)
2022-11-22 00:55:58,354 Mean IoU score: 0.857
2022-11-22 00:55:58,363 => saving checkpoint to out
2022-11-22 00:56:08,427 Epoch: [10][0/200]	Time 9.826s (9.826s)	Speed 3.3 samples/s	Data 8.374s (8.374s)	Loss 0.00772 (0.00772)
2022-11-22 00:56:17,882 Epoch: [10][10/200]	Time 0.846s (1.753s)	Speed 37.8 samples/s	Data 0.001s (0.762s)	Loss 0.00802 (0.00919)
2022-11-22 00:56:29,905 Epoch: [10][20/200]	Time 1.153s (1.491s)	Speed 27.8 samples/s	Data 0.001s (0.400s)	Loss 0.00935 (0.00890)
2022-11-22 00:56:39,967 Epoch: [10][30/200]	Time 0.933s (1.334s)	Speed 34.3 samples/s	Data 0.001s (0.271s)	Loss 0.01040 (0.00921)
2022-11-22 00:56:49,713 Epoch: [10][40/200]	Time 0.989s (1.247s)	Speed 32.3 samples/s	Data 0.001s (0.205s)	Loss 0.00761 (0.00945)
2022-11-22 00:56:59,695 Epoch: [10][50/200]	Time 1.072s (1.198s)	Speed 29.9 samples/s	Data 0.001s (0.165s)	Loss 0.01237 (0.00952)
2022-11-22 00:57:10,265 Epoch: [10][60/200]	Time 1.100s (1.175s)	Speed 29.1 samples/s	Data 0.003s (0.138s)	Loss 0.01248 (0.00954)
2022-11-22 00:57:20,961 Epoch: [10][70/200]	Time 1.251s (1.160s)	Speed 25.6 samples/s	Data 0.067s (0.120s)	Loss 0.00805 (0.00954)
2022-11-22 00:57:31,466 Epoch: [10][80/200]	Time 0.883s (1.146s)	Speed 36.2 samples/s	Data 0.001s (0.105s)	Loss 0.01003 (0.00950)
2022-11-22 00:57:41,547 Epoch: [10][90/200]	Time 0.994s (1.131s)	Speed 32.2 samples/s	Data 0.001s (0.094s)	Loss 0.00738 (0.00948)
2022-11-22 00:57:52,459 Epoch: [10][100/200]	Time 1.190s (1.127s)	Speed 26.9 samples/s	Data 0.001s (0.085s)	Loss 0.00790 (0.00949)
2022-11-22 00:58:02,718 Epoch: [10][110/200]	Time 0.971s (1.118s)	Speed 32.9 samples/s	Data 0.001s (0.077s)	Loss 0.00852 (0.00948)
2022-11-22 00:58:13,719 Epoch: [10][120/200]	Time 1.128s (1.117s)	Speed 28.4 samples/s	Data 0.001s (0.071s)	Loss 0.01066 (0.00958)
2022-11-22 00:58:24,075 Epoch: [10][130/200]	Time 0.982s (1.110s)	Speed 32.6 samples/s	Data 0.001s (0.066s)	Loss 0.00970 (0.00961)
2022-11-22 00:58:35,268 Epoch: [10][140/200]	Time 0.983s (1.111s)	Speed 32.6 samples/s	Data 0.001s (0.061s)	Loss 0.00936 (0.00962)
2022-11-22 00:58:44,288 Epoch: [10][150/200]	Time 0.963s (1.097s)	Speed 33.2 samples/s	Data 0.001s (0.057s)	Loss 0.00918 (0.00959)
2022-11-22 00:58:53,845 Epoch: [10][160/200]	Time 0.919s (1.088s)	Speed 34.8 samples/s	Data 0.001s (0.054s)	Loss 0.00814 (0.00958)
2022-11-22 00:59:04,729 Epoch: [10][170/200]	Time 1.042s (1.088s)	Speed 30.7 samples/s	Data 0.001s (0.051s)	Loss 0.01160 (0.00960)
2022-11-22 00:59:15,441 Epoch: [10][180/200]	Time 1.403s (1.088s)	Speed 22.8 samples/s	Data 0.003s (0.048s)	Loss 0.00931 (0.00956)
2022-11-22 00:59:26,467 Epoch: [10][190/200]	Time 1.092s (1.088s)	Speed 29.3 samples/s	Data 0.001s (0.046s)	Loss 0.00946 (0.00955)
2022-11-22 01:00:00,626 Test: [0/200]	Time 4.257 (4.257)	Loss 0.1084 (0.1084)
2022-11-22 01:00:01,247 Test: [10/200]	Time 0.067 (0.444)	Loss 0.0342 (0.0594)
2022-11-22 01:00:01,888 Test: [20/200]	Time 0.054 (0.263)	Loss 0.0410 (0.0610)
2022-11-22 01:00:02,489 Test: [30/200]	Time 0.057 (0.197)	Loss 0.0686 (0.0649)
2022-11-22 01:00:03,108 Test: [40/200]	Time 0.061 (0.164)	Loss 0.0527 (0.0659)
2022-11-22 01:00:03,705 Test: [50/200]	Time 0.060 (0.144)	Loss 0.1082 (0.0652)
2022-11-22 01:00:04,575 Test: [60/200]	Time 0.076 (0.135)	Loss 0.1386 (0.0692)
2022-11-22 01:00:05,218 Test: [70/200]	Time 0.066 (0.125)	Loss 0.0889 (0.0686)
2022-11-22 01:00:05,943 Test: [80/200]	Time 0.057 (0.118)	Loss 0.0690 (0.0672)
2022-11-22 01:00:06,686 Test: [90/200]	Time 0.167 (0.113)	Loss 0.0726 (0.0682)
2022-11-22 01:00:07,384 Test: [100/200]	Time 0.054 (0.109)	Loss 0.0842 (0.0677)
2022-11-22 01:00:08,129 Test: [110/200]	Time 0.062 (0.106)	Loss 0.1752 (0.0686)
2022-11-22 01:00:08,682 Test: [120/200]	Time 0.053 (0.102)	Loss 0.0646 (0.0669)
2022-11-22 01:00:09,282 Test: [130/200]	Time 0.054 (0.099)	Loss 0.0410 (0.0670)
2022-11-22 01:00:10,202 Test: [140/200]	Time 0.084 (0.098)	Loss 0.0704 (0.0668)
2022-11-22 01:00:10,869 Test: [150/200]	Time 0.061 (0.096)	Loss 0.0597 (0.0657)
2022-11-22 01:00:11,517 Test: [160/200]	Time 0.055 (0.094)	Loss 0.0782 (0.0660)
2022-11-22 01:00:12,088 Test: [170/200]	Time 0.054 (0.092)	Loss 0.0499 (0.0652)
2022-11-22 01:00:12,695 Test: [180/200]	Time 0.063 (0.090)	Loss 0.0359 (0.0647)
2022-11-22 01:00:13,421 Test: [190/200]	Time 0.076 (0.089)	Loss 0.0247 (0.0646)
2022-11-22 01:00:20,933 Mean IoU score: 0.850
2022-11-22 01:00:20,941 => saving checkpoint to out
2022-11-22 01:00:29,692 Epoch: [11][0/200]	Time 8.538s (8.538s)	Speed 3.7 samples/s	Data 7.397s (7.397s)	Loss 0.00767 (0.00767)
2022-11-22 01:00:39,131 Epoch: [11][10/200]	Time 0.969s (1.634s)	Speed 33.0 samples/s	Data 0.001s (0.673s)	Loss 0.00913 (0.00818)
2022-11-22 01:00:49,935 Epoch: [11][20/200]	Time 1.258s (1.371s)	Speed 25.4 samples/s	Data 0.001s (0.354s)	Loss 0.01061 (0.00826)
2022-11-22 01:01:00,880 Epoch: [11][30/200]	Time 1.117s (1.281s)	Speed 28.7 samples/s	Data 0.001s (0.240s)	Loss 0.00776 (0.00838)
2022-11-22 01:01:11,898 Epoch: [11][40/200]	Time 1.111s (1.238s)	Speed 28.8 samples/s	Data 0.001s (0.182s)	Loss 0.01077 (0.00850)
2022-11-22 01:01:22,922 Epoch: [11][50/200]	Time 0.966s (1.211s)	Speed 33.1 samples/s	Data 0.001s (0.147s)	Loss 0.00837 (0.00855)
2022-11-22 01:01:33,702 Epoch: [11][60/200]	Time 1.072s (1.189s)	Speed 29.9 samples/s	Data 0.002s (0.123s)	Loss 0.00945 (0.00859)
2022-11-22 01:01:46,368 Epoch: [11][70/200]	Time 0.924s (1.200s)	Speed 34.6 samples/s	Data 0.001s (0.106s)	Loss 0.00911 (0.00854)
2022-11-22 01:01:56,210 Epoch: [11][80/200]	Time 1.208s (1.174s)	Speed 26.5 samples/s	Data 0.002s (0.093s)	Loss 0.00813 (0.00855)
2022-11-22 01:02:09,011 Epoch: [11][90/200]	Time 1.944s (1.185s)	Speed 16.5 samples/s	Data 0.002s (0.083s)	Loss 0.00786 (0.00854)
2022-11-22 01:02:21,973 Epoch: [11][100/200]	Time 0.979s (1.196s)	Speed 32.7 samples/s	Data 0.004s (0.075s)	Loss 0.00892 (0.00858)
2022-11-22 01:02:31,695 Epoch: [11][110/200]	Time 1.064s (1.176s)	Speed 30.1 samples/s	Data 0.001s (0.069s)	Loss 0.01015 (0.00855)
2022-11-22 01:02:42,170 Epoch: [11][120/200]	Time 1.214s (1.165s)	Speed 26.4 samples/s	Data 0.001s (0.063s)	Loss 0.00882 (0.00855)
2022-11-22 01:02:52,921 Epoch: [11][130/200]	Time 0.847s (1.159s)	Speed 37.8 samples/s	Data 0.001s (0.058s)	Loss 0.00788 (0.00856)
2022-11-22 01:03:02,178 Epoch: [11][140/200]	Time 0.889s (1.142s)	Speed 36.0 samples/s	Data 0.001s (0.054s)	Loss 0.01127 (0.00865)
2022-11-22 01:03:11,480 Epoch: [11][150/200]	Time 0.875s (1.128s)	Speed 36.6 samples/s	Data 0.001s (0.051s)	Loss 0.01073 (0.00865)
2022-11-22 01:03:20,320 Epoch: [11][160/200]	Time 0.882s (1.113s)	Speed 36.3 samples/s	Data 0.001s (0.048s)	Loss 0.01002 (0.00867)
2022-11-22 01:03:29,097 Epoch: [11][170/200]	Time 0.871s (1.099s)	Speed 36.8 samples/s	Data 0.001s (0.045s)	Loss 0.00998 (0.00871)
2022-11-22 01:03:38,513 Epoch: [11][180/200]	Time 1.121s (1.090s)	Speed 28.5 samples/s	Data 0.002s (0.042s)	Loss 0.00714 (0.00870)
2022-11-22 01:03:49,301 Epoch: [11][190/200]	Time 1.039s (1.090s)	Speed 30.8 samples/s	Data 0.001s (0.040s)	Loss 0.00847 (0.00868)
2022-11-22 01:04:23,789 Test: [0/200]	Time 4.356 (4.356)	Loss 0.0834 (0.0834)
2022-11-22 01:04:24,429 Test: [10/200]	Time 0.078 (0.454)	Loss 0.0269 (0.0538)
2022-11-22 01:04:25,214 Test: [20/200]	Time 0.058 (0.275)	Loss 0.0315 (0.0534)
2022-11-22 01:04:25,821 Test: [30/200]	Time 0.055 (0.206)	Loss 0.0683 (0.0574)
2022-11-22 01:04:26,458 Test: [40/200]	Time 0.056 (0.171)	Loss 0.0433 (0.0583)
2022-11-22 01:04:27,153 Test: [50/200]	Time 0.060 (0.151)	Loss 0.1056 (0.0581)
2022-11-22 01:04:27,888 Test: [60/200]	Time 0.087 (0.139)	Loss 0.0981 (0.0622)
2022-11-22 01:04:28,653 Test: [70/200]	Time 0.055 (0.130)	Loss 0.0670 (0.0617)
2022-11-22 01:04:29,435 Test: [80/200]	Time 0.159 (0.123)	Loss 0.0610 (0.0602)
2022-11-22 01:04:30,148 Test: [90/200]	Time 0.066 (0.118)	Loss 0.0737 (0.0617)
2022-11-22 01:04:30,800 Test: [100/200]	Time 0.069 (0.113)	Loss 0.0797 (0.0612)
2022-11-22 01:04:31,407 Test: [110/200]	Time 0.057 (0.108)	Loss 0.1401 (0.0618)
2022-11-22 01:04:32,094 Test: [120/200]	Time 0.084 (0.105)	Loss 0.0556 (0.0601)
2022-11-22 01:04:32,827 Test: [130/200]	Time 0.062 (0.102)	Loss 0.0500 (0.0604)
2022-11-22 01:04:33,411 Test: [140/200]	Time 0.060 (0.099)	Loss 0.0659 (0.0601)
2022-11-22 01:04:34,096 Test: [150/200]	Time 0.096 (0.097)	Loss 0.0544 (0.0590)
2022-11-22 01:04:34,764 Test: [160/200]	Time 0.093 (0.095)	Loss 0.0780 (0.0595)
2022-11-22 01:04:35,454 Test: [170/200]	Time 0.061 (0.094)	Loss 0.0617 (0.0590)
2022-11-22 01:04:36,034 Test: [180/200]	Time 0.056 (0.092)	Loss 0.0385 (0.0584)
2022-11-22 01:04:36,622 Test: [190/200]	Time 0.070 (0.090)	Loss 0.0225 (0.0582)
2022-11-22 01:04:43,759 Mean IoU score: 0.861
2022-11-22 01:04:43,767 => saving checkpoint to out
2022-11-22 01:04:51,386 Epoch: [12][0/200]	Time 7.137s (7.137s)	Speed 4.5 samples/s	Data 5.900s (5.900s)	Loss 0.00988 (0.00988)
2022-11-22 01:05:01,006 Epoch: [12][10/200]	Time 1.046s (1.523s)	Speed 30.6 samples/s	Data 0.001s (0.538s)	Loss 0.00947 (0.00911)
2022-11-22 01:05:11,319 Epoch: [12][20/200]	Time 0.975s (1.289s)	Speed 32.8 samples/s	Data 0.001s (0.282s)	Loss 0.00968 (0.00857)
2022-11-22 01:05:21,746 Epoch: [12][30/200]	Time 0.877s (1.210s)	Speed 36.5 samples/s	Data 0.002s (0.192s)	Loss 0.00878 (0.00841)
2022-11-22 01:05:31,978 Epoch: [12][40/200]	Time 1.038s (1.164s)	Speed 30.8 samples/s	Data 0.001s (0.145s)	Loss 0.00838 (0.00837)
2022-11-22 01:05:44,397 Epoch: [12][50/200]	Time 1.901s (1.179s)	Speed 16.8 samples/s	Data 0.001s (0.117s)	Loss 0.00805 (0.00826)
2022-11-22 01:06:00,637 Epoch: [12][60/200]	Time 1.963s (1.252s)	Speed 16.3 samples/s	Data 0.001s (0.098s)	Loss 0.00620 (0.00824)
2022-11-22 01:06:12,521 Epoch: [12][70/200]	Time 0.860s (1.243s)	Speed 37.2 samples/s	Data 0.001s (0.085s)	Loss 0.00850 (0.00818)
2022-11-22 01:06:24,520 Epoch: [12][80/200]	Time 1.253s (1.238s)	Speed 25.5 samples/s	Data 0.001s (0.075s)	Loss 0.00888 (0.00825)
2022-11-22 01:06:36,128 Epoch: [12][90/200]	Time 1.124s (1.229s)	Speed 28.5 samples/s	Data 0.001s (0.067s)	Loss 0.00667 (0.00825)
2022-11-22 01:06:46,057 Epoch: [12][100/200]	Time 1.098s (1.206s)	Speed 29.1 samples/s	Data 0.001s (0.061s)	Loss 0.00763 (0.00820)
2022-11-22 01:06:56,988 Epoch: [12][110/200]	Time 1.090s (1.196s)	Speed 29.4 samples/s	Data 0.001s (0.055s)	Loss 0.00689 (0.00821)
2022-11-22 01:07:07,532 Epoch: [12][120/200]	Time 0.968s (1.184s)	Speed 33.1 samples/s	Data 0.001s (0.051s)	Loss 0.00774 (0.00818)
2022-11-22 01:07:16,944 Epoch: [12][130/200]	Time 0.942s (1.166s)	Speed 34.0 samples/s	Data 0.001s (0.047s)	Loss 0.00807 (0.00817)
2022-11-22 01:07:26,454 Epoch: [12][140/200]	Time 0.850s (1.150s)	Speed 37.7 samples/s	Data 0.001s (0.044s)	Loss 0.00838 (0.00818)
2022-11-22 01:07:35,998 Epoch: [12][150/200]	Time 0.887s (1.137s)	Speed 36.1 samples/s	Data 0.001s (0.041s)	Loss 0.00823 (0.00819)
2022-11-22 01:07:46,877 Epoch: [12][160/200]	Time 0.898s (1.134s)	Speed 35.6 samples/s	Data 0.001s (0.039s)	Loss 0.01034 (0.00820)
2022-11-22 01:07:56,609 Epoch: [12][170/200]	Time 0.991s (1.125s)	Speed 32.3 samples/s	Data 0.001s (0.036s)	Loss 0.00705 (0.00821)
2022-11-22 01:08:05,932 Epoch: [12][180/200]	Time 0.878s (1.114s)	Speed 36.5 samples/s	Data 0.001s (0.034s)	Loss 0.00687 (0.00821)
2022-11-22 01:08:16,490 Epoch: [12][190/200]	Time 1.266s (1.111s)	Speed 25.3 samples/s	Data 0.001s (0.033s)	Loss 0.00712 (0.00817)
2022-11-22 01:08:50,952 Test: [0/200]	Time 4.373 (4.373)	Loss 0.0839 (0.0839)
2022-11-22 01:08:51,667 Test: [10/200]	Time 0.075 (0.463)	Loss 0.0141 (0.0512)
2022-11-22 01:08:52,263 Test: [20/200]	Time 0.058 (0.271)	Loss 0.0281 (0.0563)
2022-11-22 01:08:52,840 Test: [30/200]	Time 0.056 (0.202)	Loss 0.0617 (0.0603)
2022-11-22 01:08:53,432 Test: [40/200]	Time 0.058 (0.167)	Loss 0.0416 (0.0616)
2022-11-22 01:08:54,078 Test: [50/200]	Time 0.117 (0.147)	Loss 0.1181 (0.0619)
2022-11-22 01:08:55,496 Test: [60/200]	Time 0.194 (0.146)	Loss 0.0696 (0.0655)
2022-11-22 01:08:56,721 Test: [70/200]	Time 0.119 (0.143)	Loss 0.0662 (0.0649)
2022-11-22 01:08:57,575 Test: [80/200]	Time 0.074 (0.136)	Loss 0.0599 (0.0631)
2022-11-22 01:08:58,261 Test: [90/200]	Time 0.056 (0.128)	Loss 0.0795 (0.0651)
2022-11-22 01:08:58,902 Test: [100/200]	Time 0.056 (0.122)	Loss 0.1160 (0.0651)
2022-11-22 01:08:59,667 Test: [110/200]	Time 0.070 (0.118)	Loss 0.1504 (0.0654)
2022-11-22 01:09:00,482 Test: [120/200]	Time 0.061 (0.115)	Loss 0.0682 (0.0637)
2022-11-22 01:09:01,102 Test: [130/200]	Time 0.059 (0.111)	Loss 0.0535 (0.0641)
2022-11-22 01:09:01,738 Test: [140/200]	Time 0.062 (0.108)	Loss 0.0784 (0.0639)
2022-11-22 01:09:02,395 Test: [150/200]	Time 0.058 (0.105)	Loss 0.0620 (0.0626)
2022-11-22 01:09:03,027 Test: [160/200]	Time 0.075 (0.102)	Loss 0.0810 (0.0625)
2022-11-22 01:09:03,630 Test: [170/200]	Time 0.055 (0.100)	Loss 0.1040 (0.0621)
2022-11-22 01:09:04,269 Test: [180/200]	Time 0.062 (0.098)	Loss 0.0440 (0.0615)
2022-11-22 01:09:05,193 Test: [190/200]	Time 0.059 (0.097)	Loss 0.0282 (0.0612)
2022-11-22 01:09:12,571 Mean IoU score: 0.857
2022-11-22 01:09:12,579 => saving checkpoint to out
2022-11-22 01:09:23,632 Epoch: [13][0/200]	Time 10.811s (10.811s)	Speed 3.0 samples/s	Data 9.474s (9.474s)	Loss 0.00636 (0.00636)
2022-11-22 01:09:33,991 Epoch: [13][10/200]	Time 0.973s (1.925s)	Speed 32.9 samples/s	Data 0.001s (0.863s)	Loss 0.00648 (0.00812)
2022-11-22 01:09:44,884 Epoch: [13][20/200]	Time 1.140s (1.527s)	Speed 28.1 samples/s	Data 0.001s (0.453s)	Loss 0.00621 (0.00769)
2022-11-22 01:09:55,331 Epoch: [13][30/200]	Time 0.916s (1.371s)	Speed 35.0 samples/s	Data 0.001s (0.307s)	Loss 0.00706 (0.00777)
2022-11-22 01:10:05,510 Epoch: [13][40/200]	Time 0.900s (1.285s)	Speed 35.6 samples/s	Data 0.001s (0.233s)	Loss 0.01039 (0.00784)
2022-11-22 01:10:15,717 Epoch: [13][50/200]	Time 1.301s (1.233s)	Speed 24.6 samples/s	Data 0.001s (0.187s)	Loss 0.00863 (0.00783)
2022-11-22 01:10:26,864 Epoch: [13][60/200]	Time 0.984s (1.214s)	Speed 32.5 samples/s	Data 0.004s (0.157s)	Loss 0.01043 (0.00792)
2022-11-22 01:10:37,066 Epoch: [13][70/200]	Time 1.021s (1.187s)	Speed 31.3 samples/s	Data 0.001s (0.135s)	Loss 0.00965 (0.00793)
2022-11-22 01:10:49,529 Epoch: [13][80/200]	Time 1.682s (1.194s)	Speed 19.0 samples/s	Data 0.001s (0.118s)	Loss 0.01004 (0.00811)
2022-11-22 01:10:59,863 Epoch: [13][90/200]	Time 0.941s (1.176s)	Speed 34.0 samples/s	Data 0.001s (0.106s)	Loss 0.01089 (0.00823)
2022-11-22 01:11:10,718 Epoch: [13][100/200]	Time 1.473s (1.167s)	Speed 21.7 samples/s	Data 0.001s (0.095s)	Loss 0.00657 (0.00830)
2022-11-22 01:11:21,559 Epoch: [13][110/200]	Time 1.154s (1.160s)	Speed 27.7 samples/s	Data 0.001s (0.087s)	Loss 0.00994 (0.00839)
2022-11-22 01:11:32,212 Epoch: [13][120/200]	Time 1.180s (1.152s)	Speed 27.1 samples/s	Data 0.001s (0.080s)	Loss 0.00904 (0.00845)
2022-11-22 01:11:42,529 Epoch: [13][130/200]	Time 0.965s (1.143s)	Speed 33.2 samples/s	Data 0.001s (0.074s)	Loss 0.01118 (0.00860)
2022-11-22 01:11:53,138 Epoch: [13][140/200]	Time 0.975s (1.137s)	Speed 32.8 samples/s	Data 0.001s (0.069s)	Loss 0.01492 (0.00887)
2022-11-22 01:12:02,886 Epoch: [13][150/200]	Time 0.950s (1.126s)	Speed 33.7 samples/s	Data 0.001s (0.064s)	Loss 0.01166 (0.00912)
2022-11-22 01:12:14,028 Epoch: [13][160/200]	Time 0.890s (1.126s)	Speed 35.9 samples/s	Data 0.001s (0.060s)	Loss 0.02135 (0.00955)
2022-11-22 01:12:24,107 Epoch: [13][170/200]	Time 1.030s (1.119s)	Speed 31.1 samples/s	Data 0.001s (0.057s)	Loss 0.01891 (0.01003)
2022-11-22 01:12:34,517 Epoch: [13][180/200]	Time 0.939s (1.114s)	Speed 34.1 samples/s	Data 0.001s (0.054s)	Loss 0.02136 (0.01051)
2022-11-22 01:12:47,091 Epoch: [13][190/200]	Time 1.269s (1.122s)	Speed 25.2 samples/s	Data 0.001s (0.051s)	Loss 0.02413 (0.01135)
2022-11-22 01:13:24,405 Test: [0/200]	Time 6.022 (6.022)	Loss 0.0947 (0.0947)
2022-11-22 01:13:25,091 Test: [10/200]	Time 0.064 (0.610)	Loss 0.0206 (0.0860)
2022-11-22 01:13:25,691 Test: [20/200]	Time 0.058 (0.348)	Loss 0.0722 (0.0916)
2022-11-22 01:13:26,418 Test: [30/200]	Time 0.083 (0.259)	Loss 0.0920 (0.0968)
2022-11-22 01:13:27,265 Test: [40/200]	Time 0.105 (0.217)	Loss 0.1084 (0.1016)
2022-11-22 01:13:28,380 Test: [50/200]	Time 0.129 (0.196)	Loss 0.1491 (0.1016)
2022-11-22 01:13:30,393 Test: [60/200]	Time 0.117 (0.197)	Loss 0.1289 (0.1055)
2022-11-22 01:13:32,122 Test: [70/200]	Time 0.420 (0.194)	Loss 0.0919 (0.1049)
2022-11-22 01:13:34,148 Test: [80/200]	Time 0.293 (0.195)	Loss 0.1163 (0.1032)
2022-11-22 01:13:35,235 Test: [90/200]	Time 0.126 (0.185)	Loss 0.1329 (0.1034)
2022-11-22 01:13:36,462 Test: [100/200]	Time 0.079 (0.179)	Loss 0.2003 (0.1030)
2022-11-22 01:13:37,216 Test: [110/200]	Time 0.092 (0.170)	Loss 0.2323 (0.1036)
2022-11-22 01:13:37,932 Test: [120/200]	Time 0.072 (0.162)	Loss 0.1076 (0.1019)
2022-11-22 01:13:38,687 Test: [130/200]	Time 0.065 (0.155)	Loss 0.1151 (0.1029)
2022-11-22 01:13:40,189 Test: [140/200]	Time 0.081 (0.155)	Loss 0.0726 (0.1023)
2022-11-22 01:13:41,016 Test: [150/200]	Time 0.068 (0.150)	Loss 0.1013 (0.1004)
2022-11-22 01:13:41,782 Test: [160/200]	Time 0.073 (0.145)	Loss 0.0976 (0.1005)
2022-11-22 01:13:42,777 Test: [170/200]	Time 0.101 (0.143)	Loss 0.1380 (0.0994)
2022-11-22 01:13:43,459 Test: [180/200]	Time 0.062 (0.139)	Loss 0.0755 (0.0993)
2022-11-22 01:13:44,479 Test: [190/200]	Time 0.058 (0.137)	Loss 0.0486 (0.0994)
2022-11-22 01:13:51,876 Mean IoU score: 0.766
2022-11-22 01:13:51,884 => saving checkpoint to out
2022-11-22 01:14:02,256 Epoch: [14][0/200]	Time 9.968s (9.968s)	Speed 3.2 samples/s	Data 7.908s (7.908s)	Loss 0.02180 (0.02180)
2022-11-22 01:14:13,426 Epoch: [14][10/200]	Time 1.036s (1.922s)	Speed 30.9 samples/s	Data 0.002s (0.720s)	Loss 0.01168 (0.01769)
2022-11-22 01:14:24,376 Epoch: [14][20/200]	Time 1.397s (1.528s)	Speed 22.9 samples/s	Data 0.001s (0.378s)	Loss 0.01675 (0.01691)
2022-11-22 01:14:37,929 Epoch: [14][30/200]	Time 1.091s (1.472s)	Speed 29.3 samples/s	Data 0.001s (0.256s)	Loss 0.01594 (0.01639)
2022-11-22 01:14:50,572 Epoch: [14][40/200]	Time 0.976s (1.422s)	Speed 32.8 samples/s	Data 0.001s (0.194s)	Loss 0.01080 (0.01629)
2022-11-22 01:15:03,039 Epoch: [14][50/200]	Time 1.105s (1.387s)	Speed 29.0 samples/s	Data 0.001s (0.157s)	Loss 0.01637 (0.01590)
2022-11-22 01:15:15,247 Epoch: [14][60/200]	Time 1.437s (1.360s)	Speed 22.3 samples/s	Data 0.002s (0.131s)	Loss 0.01672 (0.01559)
2022-11-22 01:15:29,305 Epoch: [14][70/200]	Time 1.209s (1.366s)	Speed 26.5 samples/s	Data 0.002s (0.113s)	Loss 0.01253 (0.01568)
2022-11-22 01:15:40,061 Epoch: [14][80/200]	Time 1.189s (1.331s)	Speed 26.9 samples/s	Data 0.001s (0.099s)	Loss 0.01717 (0.01556)
2022-11-22 01:15:52,068 Epoch: [14][90/200]	Time 0.969s (1.316s)	Speed 33.0 samples/s	Data 0.001s (0.089s)	Loss 0.02290 (0.01567)
2022-11-22 01:16:01,845 Epoch: [14][100/200]	Time 0.968s (1.283s)	Speed 33.0 samples/s	Data 0.001s (0.080s)	Loss 0.02532 (0.01571)
2022-11-22 01:16:12,880 Epoch: [14][110/200]	Time 1.181s (1.267s)	Speed 27.1 samples/s	Data 0.003s (0.073s)	Loss 0.01661 (0.01575)
2022-11-22 01:16:22,989 Epoch: [14][120/200]	Time 1.001s (1.245s)	Speed 32.0 samples/s	Data 0.001s (0.067s)	Loss 0.01112 (0.01563)
2022-11-22 01:16:32,890 Epoch: [14][130/200]	Time 0.910s (1.226s)	Speed 35.2 samples/s	Data 0.001s (0.062s)	Loss 0.01162 (0.01543)
2022-11-22 01:16:42,569 Epoch: [14][140/200]	Time 1.044s (1.208s)	Speed 30.6 samples/s	Data 0.002s (0.058s)	Loss 0.01064 (0.01532)
2022-11-22 01:16:52,447 Epoch: [14][150/200]	Time 0.937s (1.193s)	Speed 34.1 samples/s	Data 0.001s (0.054s)	Loss 0.01164 (0.01514)
2022-11-22 01:17:02,061 Epoch: [14][160/200]	Time 0.941s (1.179s)	Speed 34.0 samples/s	Data 0.001s (0.051s)	Loss 0.00993 (0.01497)
2022-11-22 01:17:12,087 Epoch: [14][170/200]	Time 0.866s (1.168s)	Speed 36.9 samples/s	Data 0.001s (0.048s)	Loss 0.01750 (0.01490)
2022-11-22 01:17:21,123 Epoch: [14][180/200]	Time 0.946s (1.154s)	Speed 33.8 samples/s	Data 0.002s (0.045s)	Loss 0.01265 (0.01478)
2022-11-22 01:17:29,983 Epoch: [14][190/200]	Time 0.933s (1.140s)	Speed 34.3 samples/s	Data 0.001s (0.043s)	Loss 0.01373 (0.01472)
2022-11-22 01:18:02,529 Test: [0/200]	Time 3.817 (3.817)	Loss 0.0762 (0.0762)
2022-11-22 01:18:03,168 Test: [10/200]	Time 0.065 (0.405)	Loss 0.0114 (0.0534)
2022-11-22 01:18:03,803 Test: [20/200]	Time 0.062 (0.242)	Loss 0.0278 (0.0607)
2022-11-22 01:18:04,452 Test: [30/200]	Time 0.065 (0.185)	Loss 0.1238 (0.0666)
2022-11-22 01:18:05,105 Test: [40/200]	Time 0.065 (0.156)	Loss 0.0616 (0.0685)
2022-11-22 01:18:05,751 Test: [50/200]	Time 0.061 (0.138)	Loss 0.1243 (0.0682)
2022-11-22 01:18:06,368 Test: [60/200]	Time 0.062 (0.126)	Loss 0.1008 (0.0722)
2022-11-22 01:18:06,989 Test: [70/200]	Time 0.058 (0.117)	Loss 0.0766 (0.0709)
2022-11-22 01:18:07,576 Test: [80/200]	Time 0.059 (0.109)	Loss 0.0890 (0.0694)
2022-11-22 01:18:08,168 Test: [90/200]	Time 0.057 (0.104)	Loss 0.0909 (0.0702)
2022-11-22 01:18:08,759 Test: [100/200]	Time 0.056 (0.099)	Loss 0.1038 (0.0702)
2022-11-22 01:18:09,321 Test: [110/200]	Time 0.053 (0.096)	Loss 0.1333 (0.0698)
2022-11-22 01:18:09,882 Test: [120/200]	Time 0.057 (0.092)	Loss 0.0624 (0.0688)
2022-11-22 01:18:10,453 Test: [130/200]	Time 0.057 (0.090)	Loss 0.0544 (0.0688)
2022-11-22 01:18:11,043 Test: [140/200]	Time 0.068 (0.087)	Loss 0.0489 (0.0683)
2022-11-22 01:18:11,655 Test: [150/200]	Time 0.060 (0.086)	Loss 0.0681 (0.0670)
2022-11-22 01:18:12,320 Test: [160/200]	Time 0.061 (0.085)	Loss 0.0722 (0.0670)
2022-11-22 01:18:12,889 Test: [170/200]	Time 0.054 (0.083)	Loss 0.0582 (0.0659)
2022-11-22 01:18:13,445 Test: [180/200]	Time 0.053 (0.081)	Loss 0.0552 (0.0655)
2022-11-22 01:18:14,016 Test: [190/200]	Time 0.055 (0.080)	Loss 0.0330 (0.0654)
2022-11-22 01:18:20,828 Mean IoU score: 0.837
2022-11-22 01:18:20,835 => saving checkpoint to out
2022-11-22 01:18:29,316 Epoch: [15][0/200]	Time 8.250s (8.250s)	Speed 3.9 samples/s	Data 7.201s (7.201s)	Loss 0.00919 (0.00919)
2022-11-22 01:18:37,636 Epoch: [15][10/200]	Time 0.845s (1.506s)	Speed 37.9 samples/s	Data 0.001s (0.656s)	Loss 0.01651 (0.01166)
2022-11-22 01:18:46,241 Epoch: [15][20/200]	Time 0.847s (1.199s)	Speed 37.8 samples/s	Data 0.001s (0.344s)	Loss 0.00972 (0.01112)
2022-11-22 01:18:55,312 Epoch: [15][30/200]	Time 0.935s (1.105s)	Speed 34.2 samples/s	Data 0.001s (0.234s)	Loss 0.01050 (0.01115)
2022-11-22 01:19:04,045 Epoch: [15][40/200]	Time 0.848s (1.048s)	Speed 37.7 samples/s	Data 0.001s (0.177s)	Loss 0.01111 (0.01078)
2022-11-22 01:19:12,809 Epoch: [15][50/200]	Time 0.912s (1.015s)	Speed 35.1 samples/s	Data 0.001s (0.143s)	Loss 0.01141 (0.01059)
2022-11-22 01:19:21,822 Epoch: [15][60/200]	Time 0.888s (0.996s)	Speed 36.0 samples/s	Data 0.001s (0.120s)	Loss 0.00842 (0.01055)
2022-11-22 01:19:31,404 Epoch: [15][70/200]	Time 0.924s (0.991s)	Speed 34.6 samples/s	Data 0.001s (0.103s)	Loss 0.00747 (0.01045)
2022-11-22 01:19:41,008 Epoch: [15][80/200]	Time 0.977s (0.987s)	Speed 32.8 samples/s	Data 0.001s (0.090s)	Loss 0.00891 (0.01035)
2022-11-22 01:19:54,053 Epoch: [15][90/200]	Time 0.992s (1.022s)	Speed 32.3 samples/s	Data 0.003s (0.081s)	Loss 0.00863 (0.01032)
2022-11-22 01:20:03,904 Epoch: [15][100/200]	Time 0.895s (1.018s)	Speed 35.8 samples/s	Data 0.001s (0.073s)	Loss 0.01168 (0.01030)
2022-11-22 01:20:12,874 Epoch: [15][110/200]	Time 0.868s (1.007s)	Speed 36.9 samples/s	Data 0.001s (0.066s)	Loss 0.00698 (0.01022)
2022-11-22 01:20:21,582 Epoch: [15][120/200]	Time 0.860s (0.996s)	Speed 37.2 samples/s	Data 0.001s (0.061s)	Loss 0.01044 (0.01015)
2022-11-22 01:20:30,960 Epoch: [15][130/200]	Time 0.950s (0.992s)	Speed 33.7 samples/s	Data 0.001s (0.056s)	Loss 0.00900 (0.01010)
2022-11-22 01:20:40,843 Epoch: [15][140/200]	Time 0.973s (0.991s)	Speed 32.9 samples/s	Data 0.001s (0.052s)	Loss 0.01413 (0.01009)
2022-11-22 01:20:50,637 Epoch: [15][150/200]	Time 0.980s (0.991s)	Speed 32.7 samples/s	Data 0.001s (0.049s)	Loss 0.01302 (0.01008)
2022-11-22 01:21:00,627 Epoch: [15][160/200]	Time 1.338s (0.991s)	Speed 23.9 samples/s	Data 0.001s (0.046s)	Loss 0.01091 (0.01008)
2022-11-22 01:21:11,588 Epoch: [15][170/200]	Time 0.921s (0.997s)	Speed 34.8 samples/s	Data 0.001s (0.044s)	Loss 0.00840 (0.01009)
2022-11-22 01:21:20,658 Epoch: [15][180/200]	Time 0.903s (0.992s)	Speed 35.4 samples/s	Data 0.001s (0.041s)	Loss 0.00867 (0.01007)
2022-11-22 01:21:30,027 Epoch: [15][190/200]	Time 0.964s (0.989s)	Speed 33.2 samples/s	Data 0.002s (0.039s)	Loss 0.00773 (0.01002)
2022-11-22 01:22:04,277 Test: [0/200]	Time 5.049 (5.049)	Loss 0.0780 (0.0780)
2022-11-22 01:22:04,856 Test: [10/200]	Time 0.057 (0.512)	Loss 0.0144 (0.0664)
2022-11-22 01:22:05,416 Test: [20/200]	Time 0.053 (0.295)	Loss 0.0222 (0.0611)
2022-11-22 01:22:05,995 Test: [30/200]	Time 0.059 (0.218)	Loss 0.1401 (0.0671)
2022-11-22 01:22:06,565 Test: [40/200]	Time 0.057 (0.179)	Loss 0.0434 (0.0697)
2022-11-22 01:22:07,147 Test: [50/200]	Time 0.056 (0.155)	Loss 0.1140 (0.0684)
2022-11-22 01:22:07,712 Test: [60/200]	Time 0.056 (0.139)	Loss 0.1227 (0.0737)
2022-11-22 01:22:08,338 Test: [70/200]	Time 0.076 (0.128)	Loss 0.0500 (0.0727)
2022-11-22 01:22:09,010 Test: [80/200]	Time 0.054 (0.121)	Loss 0.0714 (0.0708)
2022-11-22 01:22:09,644 Test: [90/200]	Time 0.064 (0.114)	Loss 0.0897 (0.0708)
2022-11-22 01:22:10,266 Test: [100/200]	Time 0.060 (0.109)	Loss 0.1142 (0.0709)
2022-11-22 01:22:10,894 Test: [110/200]	Time 0.059 (0.105)	Loss 0.1380 (0.0714)
2022-11-22 01:22:11,494 Test: [120/200]	Time 0.056 (0.101)	Loss 0.0806 (0.0699)
2022-11-22 01:22:12,100 Test: [130/200]	Time 0.055 (0.098)	Loss 0.0537 (0.0709)
2022-11-22 01:22:12,682 Test: [140/200]	Time 0.054 (0.095)	Loss 0.0603 (0.0705)
2022-11-22 01:22:13,449 Test: [150/200]	Time 0.083 (0.094)	Loss 0.0609 (0.0692)
2022-11-22 01:22:14,107 Test: [160/200]	Time 0.059 (0.092)	Loss 0.0770 (0.0695)
2022-11-22 01:22:14,796 Test: [170/200]	Time 0.057 (0.091)	Loss 0.0955 (0.0687)
2022-11-22 01:22:15,410 Test: [180/200]	Time 0.059 (0.089)	Loss 0.0483 (0.0683)
2022-11-22 01:22:16,036 Test: [190/200]	Time 0.060 (0.088)	Loss 0.0263 (0.0681)
2022-11-22 01:22:22,945 Mean IoU score: 0.842
2022-11-22 01:22:22,953 => saving checkpoint to out
2022-11-22 01:22:31,963 Epoch: [16][0/200]	Time 8.757s (8.757s)	Speed 3.7 samples/s	Data 7.415s (7.415s)	Loss 0.00741 (0.00741)
2022-11-22 01:22:40,862 Epoch: [16][10/200]	Time 0.870s (1.605s)	Speed 36.8 samples/s	Data 0.001s (0.675s)	Loss 0.00834 (0.00863)
2022-11-22 01:22:49,701 Epoch: [16][20/200]	Time 0.854s (1.262s)	Speed 37.5 samples/s	Data 0.001s (0.354s)	Loss 0.00970 (0.00930)
2022-11-22 01:22:58,354 Epoch: [16][30/200]	Time 0.846s (1.134s)	Speed 37.8 samples/s	Data 0.001s (0.240s)	Loss 0.00800 (0.00906)
2022-11-22 01:23:06,940 Epoch: [16][40/200]	Time 0.854s (1.067s)	Speed 37.5 samples/s	Data 0.001s (0.182s)	Loss 0.00851 (0.00884)
2022-11-22 01:23:15,566 Epoch: [16][50/200]	Time 0.852s (1.027s)	Speed 37.5 samples/s	Data 0.001s (0.146s)	Loss 0.00942 (0.00868)
2022-11-22 01:23:24,257 Epoch: [16][60/200]	Time 0.827s (1.001s)	Speed 38.7 samples/s	Data 0.001s (0.123s)	Loss 0.00855 (0.00860)
2022-11-22 01:23:32,785 Epoch: [16][70/200]	Time 0.842s (0.980s)	Speed 38.0 samples/s	Data 0.001s (0.105s)	Loss 0.00746 (0.00851)
2022-11-22 01:23:41,667 Epoch: [16][80/200]	Time 0.849s (0.969s)	Speed 37.7 samples/s	Data 0.001s (0.093s)	Loss 0.00512 (0.00833)
2022-11-22 01:23:50,319 Epoch: [16][90/200]	Time 0.834s (0.957s)	Speed 38.3 samples/s	Data 0.001s (0.083s)	Loss 0.00845 (0.00837)
2022-11-22 01:23:58,898 Epoch: [16][100/200]	Time 0.868s (0.947s)	Speed 36.9 samples/s	Data 0.001s (0.074s)	Loss 0.00940 (0.00835)
2022-11-22 01:24:07,704 Epoch: [16][110/200]	Time 0.932s (0.941s)	Speed 34.3 samples/s	Data 0.001s (0.068s)	Loss 0.00763 (0.00828)
2022-11-22 01:24:16,623 Epoch: [16][120/200]	Time 0.858s (0.937s)	Speed 37.3 samples/s	Data 0.001s (0.062s)	Loss 0.00981 (0.00828)
2022-11-22 01:24:25,256 Epoch: [16][130/200]	Time 0.868s (0.932s)	Speed 36.9 samples/s	Data 0.001s (0.058s)	Loss 0.00697 (0.00818)
2022-11-22 01:24:33,955 Epoch: [16][140/200]	Time 0.848s (0.927s)	Speed 37.7 samples/s	Data 0.001s (0.054s)	Loss 0.00799 (0.00813)
2022-11-22 01:24:42,832 Epoch: [16][150/200]	Time 0.908s (0.925s)	Speed 35.3 samples/s	Data 0.001s (0.050s)	Loss 0.00747 (0.00806)
2022-11-22 01:24:51,581 Epoch: [16][160/200]	Time 0.859s (0.922s)	Speed 37.3 samples/s	Data 0.001s (0.047s)	Loss 0.00674 (0.00802)
2022-11-22 01:25:00,177 Epoch: [16][170/200]	Time 0.922s (0.918s)	Speed 34.7 samples/s	Data 0.001s (0.044s)	Loss 0.00941 (0.00800)
2022-11-22 01:25:09,449 Epoch: [16][180/200]	Time 0.841s (0.918s)	Speed 38.1 samples/s	Data 0.001s (0.042s)	Loss 0.00686 (0.00793)
2022-11-22 01:25:19,269 Epoch: [16][190/200]	Time 0.876s (0.922s)	Speed 36.5 samples/s	Data 0.001s (0.040s)	Loss 0.00693 (0.00791)
2022-11-22 01:25:50,486 Test: [0/200]	Time 3.388 (3.388)	Loss 0.1005 (0.1005)
2022-11-22 01:25:51,068 Test: [10/200]	Time 0.056 (0.361)	Loss 0.0219 (0.0499)
2022-11-22 01:25:51,630 Test: [20/200]	Time 0.055 (0.216)	Loss 0.0253 (0.0485)
2022-11-22 01:25:52,229 Test: [30/200]	Time 0.055 (0.166)	Loss 0.0727 (0.0523)
2022-11-22 01:25:52,800 Test: [40/200]	Time 0.054 (0.139)	Loss 0.0342 (0.0539)
2022-11-22 01:25:53,360 Test: [50/200]	Time 0.053 (0.123)	Loss 0.0800 (0.0537)
2022-11-22 01:25:53,930 Test: [60/200]	Time 0.055 (0.112)	Loss 0.0903 (0.0569)
2022-11-22 01:25:54,498 Test: [70/200]	Time 0.055 (0.104)	Loss 0.0484 (0.0561)
2022-11-22 01:25:55,067 Test: [80/200]	Time 0.054 (0.098)	Loss 0.0631 (0.0553)
2022-11-22 01:25:55,633 Test: [90/200]	Time 0.054 (0.094)	Loss 0.0656 (0.0567)
2022-11-22 01:25:56,205 Test: [100/200]	Time 0.056 (0.090)	Loss 0.0643 (0.0565)
2022-11-22 01:25:56,774 Test: [110/200]	Time 0.056 (0.087)	Loss 0.1481 (0.0566)
2022-11-22 01:25:57,340 Test: [120/200]	Time 0.056 (0.085)	Loss 0.0591 (0.0553)
2022-11-22 01:25:57,910 Test: [130/200]	Time 0.054 (0.083)	Loss 0.0430 (0.0556)
2022-11-22 01:25:58,484 Test: [140/200]	Time 0.054 (0.081)	Loss 0.0480 (0.0552)
2022-11-22 01:25:59,046 Test: [150/200]	Time 0.056 (0.079)	Loss 0.0620 (0.0542)
2022-11-22 01:25:59,601 Test: [160/200]	Time 0.055 (0.078)	Loss 0.0672 (0.0545)
2022-11-22 01:26:00,162 Test: [170/200]	Time 0.054 (0.076)	Loss 0.0662 (0.0539)
2022-11-22 01:26:00,725 Test: [180/200]	Time 0.053 (0.075)	Loss 0.0429 (0.0535)
2022-11-22 01:26:01,286 Test: [190/200]	Time 0.053 (0.074)	Loss 0.0192 (0.0532)
2022-11-22 01:26:08,097 Mean IoU score: 0.872
2022-11-22 01:26:08,105 => saving checkpoint to out
2022-11-22 01:26:15,665 Epoch: [17][0/200]	Time 7.227s (7.227s)	Speed 4.4 samples/s	Data 6.253s (6.253s)	Loss 0.00749 (0.00749)
2022-11-22 01:26:23,895 Epoch: [17][10/200]	Time 0.859s (1.405s)	Speed 37.3 samples/s	Data 0.001s (0.569s)	Loss 0.00692 (0.00639)
2022-11-22 01:26:32,181 Epoch: [17][20/200]	Time 0.825s (1.131s)	Speed 38.8 samples/s	Data 0.001s (0.299s)	Loss 0.00675 (0.00664)
2022-11-22 01:26:41,045 Epoch: [17][30/200]	Time 0.830s (1.052s)	Speed 38.6 samples/s	Data 0.001s (0.203s)	Loss 0.00658 (0.00667)
2022-11-22 01:26:49,770 Epoch: [17][40/200]	Time 0.827s (1.008s)	Speed 38.7 samples/s	Data 0.001s (0.154s)	Loss 0.00697 (0.00683)
2022-11-22 01:26:58,570 Epoch: [17][50/200]	Time 0.862s (0.983s)	Speed 37.1 samples/s	Data 0.001s (0.124s)	Loss 0.00751 (0.00689)
2022-11-22 01:27:07,357 Epoch: [17][60/200]	Time 0.860s (0.966s)	Speed 37.2 samples/s	Data 0.001s (0.104s)	Loss 0.00833 (0.00687)
2022-11-22 01:27:16,091 Epoch: [17][70/200]	Time 1.053s (0.953s)	Speed 30.4 samples/s	Data 0.001s (0.089s)	Loss 0.00664 (0.00688)
2022-11-22 01:27:24,591 Epoch: [17][80/200]	Time 0.832s (0.940s)	Speed 38.5 samples/s	Data 0.001s (0.078s)	Loss 0.00854 (0.00687)
2022-11-22 01:27:33,222 Epoch: [17][90/200]	Time 0.857s (0.932s)	Speed 37.3 samples/s	Data 0.001s (0.070s)	Loss 0.00690 (0.00687)
2022-11-22 01:27:41,851 Epoch: [17][100/200]	Time 0.851s (0.925s)	Speed 37.6 samples/s	Data 0.001s (0.063s)	Loss 0.00587 (0.00681)
2022-11-22 01:27:51,107 Epoch: [17][110/200]	Time 0.867s (0.925s)	Speed 36.9 samples/s	Data 0.001s (0.057s)	Loss 0.00469 (0.00683)
2022-11-22 01:27:59,774 Epoch: [17][120/200]	Time 0.849s (0.920s)	Speed 37.7 samples/s	Data 0.001s (0.053s)	Loss 0.00640 (0.00682)
2022-11-22 01:28:08,371 Epoch: [17][130/200]	Time 0.918s (0.916s)	Speed 34.8 samples/s	Data 0.001s (0.049s)	Loss 0.00716 (0.00683)
2022-11-22 01:28:17,602 Epoch: [17][140/200]	Time 1.008s (0.916s)	Speed 31.7 samples/s	Data 0.001s (0.045s)	Loss 0.00553 (0.00679)
2022-11-22 01:28:26,936 Epoch: [17][150/200]	Time 0.845s (0.917s)	Speed 37.9 samples/s	Data 0.001s (0.043s)	Loss 0.00512 (0.00678)
2022-11-22 01:28:35,608 Epoch: [17][160/200]	Time 0.852s (0.914s)	Speed 37.5 samples/s	Data 0.001s (0.040s)	Loss 0.00705 (0.00680)
2022-11-22 01:28:44,243 Epoch: [17][170/200]	Time 0.850s (0.911s)	Speed 37.6 samples/s	Data 0.001s (0.038s)	Loss 0.00690 (0.00683)
2022-11-22 01:28:53,166 Epoch: [17][180/200]	Time 0.842s (0.910s)	Speed 38.0 samples/s	Data 0.001s (0.036s)	Loss 0.00581 (0.00681)
2022-11-22 01:29:02,566 Epoch: [17][190/200]	Time 0.859s (0.912s)	Speed 37.2 samples/s	Data 0.001s (0.034s)	Loss 0.00609 (0.00679)
2022-11-22 01:29:33,629 Test: [0/200]	Time 3.457 (3.457)	Loss 0.1104 (0.1104)
2022-11-22 01:29:34,205 Test: [10/200]	Time 0.056 (0.367)	Loss 0.0190 (0.0509)
2022-11-22 01:29:34,773 Test: [20/200]	Time 0.056 (0.219)	Loss 0.0209 (0.0502)
2022-11-22 01:29:35,344 Test: [30/200]	Time 0.055 (0.167)	Loss 0.0677 (0.0543)
2022-11-22 01:29:35,915 Test: [40/200]	Time 0.055 (0.140)	Loss 0.0401 (0.0560)
2022-11-22 01:29:36,486 Test: [50/200]	Time 0.058 (0.124)	Loss 0.0934 (0.0558)
2022-11-22 01:29:37,051 Test: [60/200]	Time 0.054 (0.113)	Loss 0.0877 (0.0580)
2022-11-22 01:29:37,640 Test: [70/200]	Time 0.055 (0.105)	Loss 0.0533 (0.0578)
2022-11-22 01:29:38,219 Test: [80/200]	Time 0.059 (0.099)	Loss 0.0603 (0.0571)
2022-11-22 01:29:38,788 Test: [90/200]	Time 0.056 (0.095)	Loss 0.0629 (0.0587)
2022-11-22 01:29:39,355 Test: [100/200]	Time 0.057 (0.091)	Loss 0.0590 (0.0581)
2022-11-22 01:29:39,939 Test: [110/200]	Time 0.059 (0.088)	Loss 0.1633 (0.0583)
2022-11-22 01:29:40,500 Test: [120/200]	Time 0.055 (0.085)	Loss 0.0579 (0.0569)
2022-11-22 01:29:41,084 Test: [130/200]	Time 0.058 (0.083)	Loss 0.0441 (0.0570)
2022-11-22 01:29:41,665 Test: [140/200]	Time 0.060 (0.082)	Loss 0.0480 (0.0567)
2022-11-22 01:29:42,279 Test: [150/200]	Time 0.059 (0.080)	Loss 0.0690 (0.0557)
2022-11-22 01:29:42,845 Test: [160/200]	Time 0.055 (0.079)	Loss 0.0713 (0.0560)
2022-11-22 01:29:43,416 Test: [170/200]	Time 0.058 (0.077)	Loss 0.0549 (0.0553)
2022-11-22 01:29:43,993 Test: [180/200]	Time 0.058 (0.076)	Loss 0.0420 (0.0549)
2022-11-22 01:29:44,551 Test: [190/200]	Time 0.053 (0.075)	Loss 0.0199 (0.0546)
2022-11-22 01:29:51,362 Mean IoU score: 0.873
2022-11-22 01:29:51,369 => saving checkpoint to out
2022-11-22 01:29:59,801 Epoch: [18][0/200]	Time 8.129s (8.129s)	Speed 3.9 samples/s	Data 6.952s (6.952s)	Loss 0.00743 (0.00743)
2022-11-22 01:30:08,160 Epoch: [18][10/200]	Time 0.819s (1.499s)	Speed 39.1 samples/s	Data 0.001s (0.633s)	Loss 0.00574 (0.00681)
2022-11-22 01:30:16,424 Epoch: [18][20/200]	Time 0.825s (1.179s)	Speed 38.8 samples/s	Data 0.001s (0.332s)	Loss 0.00833 (0.00684)
2022-11-22 01:30:25,388 Epoch: [18][30/200]	Time 0.925s (1.088s)	Speed 34.6 samples/s	Data 0.001s (0.225s)	Loss 0.00599 (0.00659)
2022-11-22 01:30:39,175 Epoch: [18][40/200]	Time 1.026s (1.159s)	Speed 31.2 samples/s	Data 0.001s (0.171s)	Loss 0.00808 (0.00651)
2022-11-22 01:30:58,392 Epoch: [18][50/200]	Time 1.244s (1.308s)	Speed 25.7 samples/s	Data 0.001s (0.138s)	Loss 0.00597 (0.00641)
2022-11-22 01:31:11,675 Epoch: [18][60/200]	Time 1.567s (1.312s)	Speed 20.4 samples/s	Data 0.004s (0.115s)	Loss 0.00480 (0.00639)
2022-11-22 01:31:26,701 Epoch: [18][70/200]	Time 1.322s (1.338s)	Speed 24.2 samples/s	Data 0.002s (0.099s)	Loss 0.00708 (0.00636)
2022-11-22 01:31:37,188 Epoch: [18][80/200]	Time 0.933s (1.303s)	Speed 34.3 samples/s	Data 0.001s (0.087s)	Loss 0.00631 (0.00631)
2022-11-22 01:31:46,425 Epoch: [18][90/200]	Time 0.904s (1.261s)	Speed 35.4 samples/s	Data 0.001s (0.078s)	Loss 0.00546 (0.00635)
2022-11-22 01:31:55,344 Epoch: [18][100/200]	Time 0.851s (1.224s)	Speed 37.6 samples/s	Data 0.001s (0.070s)	Loss 0.00796 (0.00634)
2022-11-22 01:32:04,549 Epoch: [18][110/200]	Time 0.871s (1.197s)	Speed 36.7 samples/s	Data 0.001s (0.064s)	Loss 0.00747 (0.00636)
2022-11-22 01:32:13,658 Epoch: [18][120/200]	Time 0.971s (1.173s)	Speed 32.9 samples/s	Data 0.001s (0.059s)	Loss 0.00674 (0.00636)
2022-11-22 01:32:23,115 Epoch: [18][130/200]	Time 0.892s (1.156s)	Speed 35.9 samples/s	Data 0.001s (0.054s)	Loss 0.00770 (0.00636)
2022-11-22 01:32:32,197 Epoch: [18][140/200]	Time 0.971s (1.138s)	Speed 32.9 samples/s	Data 0.001s (0.051s)	Loss 0.00565 (0.00637)
2022-11-22 01:32:41,708 Epoch: [18][150/200]	Time 0.936s (1.126s)	Speed 34.2 samples/s	Data 0.001s (0.047s)	Loss 0.00595 (0.00636)
2022-11-22 01:32:51,943 Epoch: [18][160/200]	Time 1.176s (1.120s)	Speed 27.2 samples/s	Data 0.001s (0.044s)	Loss 0.00490 (0.00638)
2022-11-22 01:33:01,334 Epoch: [18][170/200]	Time 0.916s (1.109s)	Speed 34.9 samples/s	Data 0.001s (0.042s)	Loss 0.00666 (0.00636)
2022-11-22 01:33:10,548 Epoch: [18][180/200]	Time 0.900s (1.099s)	Speed 35.5 samples/s	Data 0.001s (0.040s)	Loss 0.00769 (0.00636)
2022-11-22 01:33:19,272 Epoch: [18][190/200]	Time 0.862s (1.087s)	Speed 37.1 samples/s	Data 0.001s (0.038s)	Loss 0.00602 (0.00634)
2022-11-22 01:33:52,159 Test: [0/200]	Time 4.491 (4.491)	Loss 0.1240 (0.1240)
2022-11-22 01:33:52,766 Test: [10/200]	Time 0.056 (0.463)	Loss 0.0199 (0.0517)
2022-11-22 01:33:53,355 Test: [20/200]	Time 0.056 (0.271)	Loss 0.0201 (0.0508)
2022-11-22 01:33:53,960 Test: [30/200]	Time 0.067 (0.203)	Loss 0.0613 (0.0558)
2022-11-22 01:33:54,709 Test: [40/200]	Time 0.060 (0.172)	Loss 0.0366 (0.0575)
2022-11-22 01:33:55,316 Test: [50/200]	Time 0.054 (0.150)	Loss 0.0997 (0.0576)
2022-11-22 01:33:55,894 Test: [60/200]	Time 0.060 (0.135)	Loss 0.0843 (0.0599)
2022-11-22 01:33:56,488 Test: [70/200]	Time 0.057 (0.124)	Loss 0.0618 (0.0595)
2022-11-22 01:33:57,061 Test: [80/200]	Time 0.055 (0.116)	Loss 0.0793 (0.0590)
2022-11-22 01:33:57,657 Test: [90/200]	Time 0.059 (0.110)	Loss 0.0596 (0.0605)
2022-11-22 01:33:58,239 Test: [100/200]	Time 0.062 (0.105)	Loss 0.0702 (0.0600)
2022-11-22 01:33:58,817 Test: [110/200]	Time 0.055 (0.100)	Loss 0.1576 (0.0599)
2022-11-22 01:33:59,410 Test: [120/200]	Time 0.059 (0.097)	Loss 0.0532 (0.0585)
2022-11-22 01:34:00,043 Test: [130/200]	Time 0.057 (0.094)	Loss 0.0461 (0.0587)
2022-11-22 01:34:00,701 Test: [140/200]	Time 0.089 (0.092)	Loss 0.0560 (0.0585)
2022-11-22 01:34:01,316 Test: [150/200]	Time 0.056 (0.090)	Loss 0.0614 (0.0574)
2022-11-22 01:34:01,894 Test: [160/200]	Time 0.055 (0.088)	Loss 0.0749 (0.0577)
2022-11-22 01:34:02,477 Test: [170/200]	Time 0.055 (0.087)	Loss 0.0627 (0.0570)
2022-11-22 01:34:03,094 Test: [180/200]	Time 0.064 (0.085)	Loss 0.0475 (0.0566)
2022-11-22 01:34:03,675 Test: [190/200]	Time 0.055 (0.084)	Loss 0.0207 (0.0562)
2022-11-22 01:34:10,638 Mean IoU score: 0.868
2022-11-22 01:34:10,645 => saving checkpoint to out
2022-11-22 01:34:17,793 Epoch: [19][0/200]	Time 6.717s (6.717s)	Speed 4.8 samples/s	Data 5.655s (5.655s)	Loss 0.00670 (0.00670)
2022-11-22 01:34:26,827 Epoch: [19][10/200]	Time 0.918s (1.432s)	Speed 34.9 samples/s	Data 0.001s (0.515s)	Loss 0.00679 (0.00576)
2022-11-22 01:34:36,259 Epoch: [19][20/200]	Time 1.053s (1.199s)	Speed 30.4 samples/s	Data 0.001s (0.270s)	Loss 0.00554 (0.00552)
2022-11-22 01:34:45,873 Epoch: [19][30/200]	Time 0.996s (1.122s)	Speed 32.1 samples/s	Data 0.001s (0.184s)	Loss 0.00679 (0.00559)
2022-11-22 01:34:56,667 Epoch: [19][40/200]	Time 1.008s (1.112s)	Speed 31.8 samples/s	Data 0.001s (0.139s)	Loss 0.00488 (0.00559)
2022-11-22 01:35:07,516 Epoch: [19][50/200]	Time 1.065s (1.107s)	Speed 30.0 samples/s	Data 0.001s (0.112s)	Loss 0.00638 (0.00569)
2022-11-22 01:35:21,148 Epoch: [19][60/200]	Time 1.796s (1.149s)	Speed 17.8 samples/s	Data 0.002s (0.094s)	Loss 0.00627 (0.00570)
2022-11-22 01:35:34,357 Epoch: [19][70/200]	Time 1.530s (1.173s)	Speed 20.9 samples/s	Data 0.001s (0.081s)	Loss 0.00528 (0.00567)
2022-11-22 01:35:50,072 Epoch: [19][80/200]	Time 1.188s (1.222s)	Speed 26.9 samples/s	Data 0.001s (0.071s)	Loss 0.00590 (0.00569)
2022-11-22 01:36:00,891 Epoch: [19][90/200]	Time 1.056s (1.207s)	Speed 30.3 samples/s	Data 0.001s (0.064s)	Loss 0.00634 (0.00573)
2022-11-22 01:36:10,624 Epoch: [19][100/200]	Time 1.028s (1.184s)	Speed 31.1 samples/s	Data 0.001s (0.057s)	Loss 0.00758 (0.00577)
2022-11-22 01:36:20,188 Epoch: [19][110/200]	Time 0.938s (1.163s)	Speed 34.1 samples/s	Data 0.001s (0.052s)	Loss 0.00593 (0.00579)
2022-11-22 01:36:29,729 Epoch: [19][120/200]	Time 0.999s (1.146s)	Speed 32.0 samples/s	Data 0.001s (0.048s)	Loss 0.00616 (0.00582)
2022-11-22 01:36:39,498 Epoch: [19][130/200]	Time 0.935s (1.133s)	Speed 34.2 samples/s	Data 0.001s (0.045s)	Loss 0.00642 (0.00586)
2022-11-22 01:36:49,242 Epoch: [19][140/200]	Time 0.938s (1.122s)	Speed 34.1 samples/s	Data 0.001s (0.041s)	Loss 0.00503 (0.00594)
2022-11-22 01:36:58,659 Epoch: [19][150/200]	Time 0.944s (1.110s)	Speed 33.9 samples/s	Data 0.001s (0.039s)	Loss 0.00621 (0.00596)
2022-11-22 01:37:08,195 Epoch: [19][160/200]	Time 0.931s (1.100s)	Speed 34.4 samples/s	Data 0.001s (0.036s)	Loss 0.00762 (0.00599)
2022-11-22 01:37:17,827 Epoch: [19][170/200]	Time 0.935s (1.092s)	Speed 34.2 samples/s	Data 0.001s (0.034s)	Loss 0.00505 (0.00598)
2022-11-22 01:37:27,230 Epoch: [19][180/200]	Time 0.925s (1.084s)	Speed 34.6 samples/s	Data 0.001s (0.033s)	Loss 0.00682 (0.00598)
2022-11-22 01:37:36,562 Epoch: [19][190/200]	Time 0.945s (1.076s)	Speed 33.9 samples/s	Data 0.001s (0.031s)	Loss 0.00633 (0.00601)
2022-11-22 01:38:09,197 Test: [0/200]	Time 3.896 (3.896)	Loss 0.1233 (0.1233)
2022-11-22 01:38:09,799 Test: [10/200]	Time 0.057 (0.409)	Loss 0.0210 (0.0535)
2022-11-22 01:38:10,409 Test: [20/200]	Time 0.053 (0.243)	Loss 0.0184 (0.0521)
2022-11-22 01:38:11,030 Test: [30/200]	Time 0.063 (0.185)	Loss 0.0669 (0.0560)
2022-11-22 01:38:11,635 Test: [40/200]	Time 0.061 (0.154)	Loss 0.0371 (0.0573)
2022-11-22 01:38:12,261 Test: [50/200]	Time 0.063 (0.136)	Loss 0.0853 (0.0569)
2022-11-22 01:38:12,860 Test: [60/200]	Time 0.058 (0.124)	Loss 0.0944 (0.0597)
2022-11-22 01:38:13,476 Test: [70/200]	Time 0.057 (0.115)	Loss 0.0589 (0.0593)
2022-11-22 01:38:14,078 Test: [80/200]	Time 0.060 (0.108)	Loss 0.0651 (0.0582)
2022-11-22 01:38:14,705 Test: [90/200]	Time 0.063 (0.103)	Loss 0.0720 (0.0598)
2022-11-22 01:38:15,315 Test: [100/200]	Time 0.060 (0.099)	Loss 0.0662 (0.0593)
2022-11-22 01:38:16,089 Test: [110/200]	Time 0.068 (0.097)	Loss 0.1657 (0.0593)
2022-11-22 01:38:16,734 Test: [120/200]	Time 0.057 (0.094)	Loss 0.0605 (0.0580)
2022-11-22 01:38:17,356 Test: [130/200]	Time 0.061 (0.092)	Loss 0.0505 (0.0584)
2022-11-22 01:38:17,975 Test: [140/200]	Time 0.076 (0.090)	Loss 0.0579 (0.0581)
2022-11-22 01:38:18,606 Test: [150/200]	Time 0.063 (0.088)	Loss 0.0661 (0.0570)
2022-11-22 01:38:19,202 Test: [160/200]	Time 0.055 (0.086)	Loss 0.0717 (0.0574)
2022-11-22 01:38:19,807 Test: [170/200]	Time 0.055 (0.085)	Loss 0.0637 (0.0567)
2022-11-22 01:38:20,415 Test: [180/200]	Time 0.063 (0.083)	Loss 0.0458 (0.0563)
2022-11-22 01:38:21,022 Test: [190/200]	Time 0.061 (0.082)	Loss 0.0203 (0.0561)
2022-11-22 01:38:27,985 Mean IoU score: 0.870
2022-11-22 01:38:27,993 => saving checkpoint to out
2022-11-22 01:38:28,296 saving final model state to out/final_state.pth.tar
